This is pdfTeX, Version 3.14159265-2.6-1.40.18 (TeX Live 2017/Debian) (preloaded format=pdflatex 2018.10.18)  6 NOV 2019 12:13
entering extended mode
 restricted \write18 enabled.
 %&-line parsing enabled.
**usp.tex
(./usp.tex
LaTeX2e <2017-04-15>
Babel <3.18> and hyphenation patterns for 84 language(s) loaded.
(/usr/share/texlive/texmf-dist/tex/latex/beamer/beamer.cls
Document Class: beamer 2018/02/20 v3.50 A class for typesetting presentations
(/usr/share/texlive/texmf-dist/tex/latex/beamer/beamerbasemodes.sty
(/usr/share/texlive/texmf-dist/tex/latex/etoolbox/etoolbox.sty
Package: etoolbox 2018/02/11 v2.5e e-TeX tools for LaTeX (JAW)
\etb@tempcnta=\count79
)
\beamer@tempbox=\box26
\beamer@tempcount=\count80
\c@beamerpauses=\count81

(/usr/share/texlive/texmf-dist/tex/latex/beamer/beamerbasedecode.sty
\beamer@slideinframe=\count82
\beamer@minimum=\count83
)
\beamer@commentbox=\box27
\beamer@modecount=\count84
)
(/usr/share/texlive/texmf-dist/tex/generic/oberdiek/ifpdf.sty
Package: ifpdf 2017/03/15 v3.2 Provides the ifpdf switch
)
\headdp=\dimen102
\footheight=\dimen103
\sidebarheight=\dimen104
\beamer@tempdim=\dimen105
\beamer@finalheight=\dimen106
\beamer@animht=\dimen107
\beamer@animdp=\dimen108
\beamer@animwd=\dimen109
\beamer@leftmargin=\dimen110
\beamer@rightmargin=\dimen111
\beamer@leftsidebar=\dimen112
\beamer@rightsidebar=\dimen113
\beamer@boxsize=\dimen114
\beamer@vboxoffset=\dimen115
\beamer@descdefault=\dimen116
\beamer@descriptionwidth=\dimen117
\beamer@lastskip=\skip41
\beamer@areabox=\box28
\beamer@animcurrent=\box29
\beamer@animshowbox=\box30
\beamer@sectionbox=\box31
\beamer@logobox=\box32
\beamer@linebox=\box33
\beamer@sectioncount=\count85
\beamer@subsubsectionmax=\count86
\beamer@subsectionmax=\count87
\beamer@sectionmax=\count88
\beamer@totalheads=\count89
\beamer@headcounter=\count90
\beamer@partstartpage=\count91
\beamer@sectionstartpage=\count92
\beamer@subsectionstartpage=\count93
\beamer@animationtempa=\count94
\beamer@animationtempb=\count95
\beamer@xpos=\count96
\beamer@ypos=\count97
\beamer@ypos@offset=\count98
\beamer@showpartnumber=\count99
\beamer@currentsubsection=\count100
\beamer@coveringdepth=\count101
\beamer@sectionadjust=\count102
\beamer@tocsectionnumber=\count103

(/usr/share/texlive/texmf-dist/tex/latex/beamer/beamerbaseoptions.sty
(/usr/share/texlive/texmf-dist/tex/latex/graphics/keyval.sty
Package: keyval 2014/10/28 v1.15 key=value parser (DPC)
\KV@toks@=\toks14
))
\beamer@paperwidth=\skip42
\beamer@paperheight=\skip43

(/usr/share/texlive/texmf-dist/tex/latex/geometry/geometry.sty
Package: geometry 2010/09/12 v5.6 Page Geometry

(/usr/share/texlive/texmf-dist/tex/generic/oberdiek/ifvtex.sty
Package: ifvtex 2016/05/16 v1.6 Detect VTeX and its facilities (HO)
Package ifvtex Info: VTeX not detected.
)
(/usr/share/texlive/texmf-dist/tex/generic/ifxetex/ifxetex.sty
Package: ifxetex 2010/09/12 v0.6 Provides ifxetex conditional
)
\Gm@cnth=\count104
\Gm@cntv=\count105
\c@Gm@tempcnt=\count106
\Gm@bindingoffset=\dimen118
\Gm@wd@mp=\dimen119
\Gm@odd@mp=\dimen120
\Gm@even@mp=\dimen121
\Gm@layoutwidth=\dimen122
\Gm@layoutheight=\dimen123
\Gm@layouthoffset=\dimen124
\Gm@layoutvoffset=\dimen125
\Gm@dimlist=\toks15
)
(/usr/share/texlive/texmf-dist/tex/latex/base/size11.clo
File: size11.clo 2014/09/29 v1.4h Standard LaTeX file (size option)
)
(/usr/share/texlive/texmf-dist/tex/latex/pgf/basiclayer/pgfcore.sty
(/usr/share/texlive/texmf-dist/tex/latex/graphics/graphicx.sty
Package: graphicx 2017/06/01 v1.1a Enhanced LaTeX Graphics (DPC,SPQR)

(/usr/share/texlive/texmf-dist/tex/latex/graphics/graphics.sty
Package: graphics 2017/06/25 v1.2c Standard LaTeX Graphics (DPC,SPQR)

(/usr/share/texlive/texmf-dist/tex/latex/graphics/trig.sty
Package: trig 2016/01/03 v1.10 sin cos tan (DPC)
)
(/usr/share/texlive/texmf-dist/tex/latex/graphics-cfg/graphics.cfg
File: graphics.cfg 2016/06/04 v1.11 sample graphics configuration
)
Package graphics Info: Driver file: pdftex.def on input line 99.

(/usr/share/texlive/texmf-dist/tex/latex/graphics-def/pdftex.def
File: pdftex.def 2018/01/08 v1.0l Graphics/color driver for pdftex
))
\Gin@req@height=\dimen126
\Gin@req@width=\dimen127
)
(/usr/share/texlive/texmf-dist/tex/latex/pgf/systemlayer/pgfsys.sty
(/usr/share/texlive/texmf-dist/tex/latex/pgf/utilities/pgfrcs.sty
(/usr/share/texlive/texmf-dist/tex/generic/pgf/utilities/pgfutil-common.tex
\pgfutil@everybye=\toks16
\pgfutil@tempdima=\dimen128
\pgfutil@tempdimb=\dimen129

(/usr/share/texlive/texmf-dist/tex/generic/pgf/utilities/pgfutil-common-lists.t
ex)) (/usr/share/texlive/texmf-dist/tex/generic/pgf/utilities/pgfutil-latex.def
\pgfutil@abb=\box34
(/usr/share/texlive/texmf-dist/tex/latex/ms/everyshi.sty
Package: everyshi 2001/05/15 v3.00 EveryShipout Package (MS)
))
(/usr/share/texlive/texmf-dist/tex/generic/pgf/utilities/pgfrcs.code.tex
Package: pgfrcs 2015/08/07 v3.0.1a (rcs-revision 1.31)
))
(/usr/share/texlive/texmf-dist/tex/generic/pgf/systemlayer/pgfsys.code.tex
Package: pgfsys 2014/07/09 v3.0.1a (rcs-revision 1.48)

(/usr/share/texlive/texmf-dist/tex/generic/pgf/utilities/pgfkeys.code.tex
\pgfkeys@pathtoks=\toks17
\pgfkeys@temptoks=\toks18

(/usr/share/texlive/texmf-dist/tex/generic/pgf/utilities/pgfkeysfiltered.code.t
ex
\pgfkeys@tmptoks=\toks19
))
\pgf@x=\dimen130
\pgf@y=\dimen131
\pgf@xa=\dimen132
\pgf@ya=\dimen133
\pgf@xb=\dimen134
\pgf@yb=\dimen135
\pgf@xc=\dimen136
\pgf@yc=\dimen137
\w@pgf@writea=\write3
\r@pgf@reada=\read1
\c@pgf@counta=\count107
\c@pgf@countb=\count108
\c@pgf@countc=\count109
\c@pgf@countd=\count110
\t@pgf@toka=\toks20
\t@pgf@tokb=\toks21
\t@pgf@tokc=\toks22
 (/usr/share/texlive/texmf-dist/tex/generic/pgf/systemlayer/pgf.cfg
File: pgf.cfg 2008/05/14  (rcs-revision 1.7)
)
Driver file for pgf: pgfsys-pdftex.def

(/usr/share/texlive/texmf-dist/tex/generic/pgf/systemlayer/pgfsys-pdftex.def
File: pgfsys-pdftex.def 2014/10/11  (rcs-revision 1.35)

(/usr/share/texlive/texmf-dist/tex/generic/pgf/systemlayer/pgfsys-common-pdf.de
f
File: pgfsys-common-pdf.def 2013/10/10  (rcs-revision 1.13)
)))
(/usr/share/texlive/texmf-dist/tex/generic/pgf/systemlayer/pgfsyssoftpath.code.
tex
File: pgfsyssoftpath.code.tex 2013/09/09  (rcs-revision 1.9)
\pgfsyssoftpath@smallbuffer@items=\count111
\pgfsyssoftpath@bigbuffer@items=\count112
)
(/usr/share/texlive/texmf-dist/tex/generic/pgf/systemlayer/pgfsysprotocol.code.
tex
File: pgfsysprotocol.code.tex 2006/10/16  (rcs-revision 1.4)
)) (/usr/share/texlive/texmf-dist/tex/latex/xcolor/xcolor.sty
Package: xcolor 2016/05/11 v2.12 LaTeX color extensions (UK)

(/usr/share/texlive/texmf-dist/tex/latex/graphics-cfg/color.cfg
File: color.cfg 2016/01/02 v1.6 sample color configuration
)
Package xcolor Info: Driver file: pdftex.def on input line 225.
Package xcolor Info: Model `cmy' substituted by `cmy0' on input line 1348.
Package xcolor Info: Model `hsb' substituted by `rgb' on input line 1352.
Package xcolor Info: Model `RGB' extended on input line 1364.
Package xcolor Info: Model `HTML' substituted by `rgb' on input line 1366.
Package xcolor Info: Model `Hsb' substituted by `hsb' on input line 1367.
Package xcolor Info: Model `tHsb' substituted by `hsb' on input line 1368.
Package xcolor Info: Model `HSB' substituted by `hsb' on input line 1369.
Package xcolor Info: Model `Gray' substituted by `gray' on input line 1370.
Package xcolor Info: Model `wave' substituted by `hsb' on input line 1371.
)
(/usr/share/texlive/texmf-dist/tex/generic/pgf/basiclayer/pgfcore.code.tex
Package: pgfcore 2010/04/11 v3.0.1a (rcs-revision 1.7)

(/usr/share/texlive/texmf-dist/tex/generic/pgf/math/pgfmath.code.tex
(/usr/share/texlive/texmf-dist/tex/generic/pgf/math/pgfmathcalc.code.tex
(/usr/share/texlive/texmf-dist/tex/generic/pgf/math/pgfmathutil.code.tex)
(/usr/share/texlive/texmf-dist/tex/generic/pgf/math/pgfmathparser.code.tex
\pgfmath@dimen=\dimen138
\pgfmath@count=\count113
\pgfmath@box=\box35
\pgfmath@toks=\toks23
\pgfmath@stack@operand=\toks24
\pgfmath@stack@operation=\toks25
)
(/usr/share/texlive/texmf-dist/tex/generic/pgf/math/pgfmathfunctions.code.tex
(/usr/share/texlive/texmf-dist/tex/generic/pgf/math/pgfmathfunctions.basic.code
.tex)
(/usr/share/texlive/texmf-dist/tex/generic/pgf/math/pgfmathfunctions.trigonomet
ric.code.tex)
(/usr/share/texlive/texmf-dist/tex/generic/pgf/math/pgfmathfunctions.random.cod
e.tex)
(/usr/share/texlive/texmf-dist/tex/generic/pgf/math/pgfmathfunctions.comparison
.code.tex)
(/usr/share/texlive/texmf-dist/tex/generic/pgf/math/pgfmathfunctions.base.code.
tex)
(/usr/share/texlive/texmf-dist/tex/generic/pgf/math/pgfmathfunctions.round.code
.tex)
(/usr/share/texlive/texmf-dist/tex/generic/pgf/math/pgfmathfunctions.misc.code.
tex)
(/usr/share/texlive/texmf-dist/tex/generic/pgf/math/pgfmathfunctions.integerari
thmetics.code.tex)))
(/usr/share/texlive/texmf-dist/tex/generic/pgf/math/pgfmathfloat.code.tex
\c@pgfmathroundto@lastzeros=\count114
))
(/usr/share/texlive/texmf-dist/tex/generic/pgf/basiclayer/pgfcorepoints.code.te
x
File: pgfcorepoints.code.tex 2013/10/07  (rcs-revision 1.27)
\pgf@picminx=\dimen139
\pgf@picmaxx=\dimen140
\pgf@picminy=\dimen141
\pgf@picmaxy=\dimen142
\pgf@pathminx=\dimen143
\pgf@pathmaxx=\dimen144
\pgf@pathminy=\dimen145
\pgf@pathmaxy=\dimen146
\pgf@xx=\dimen147
\pgf@xy=\dimen148
\pgf@yx=\dimen149
\pgf@yy=\dimen150
\pgf@zx=\dimen151
\pgf@zy=\dimen152
)
(/usr/share/texlive/texmf-dist/tex/generic/pgf/basiclayer/pgfcorepathconstruct.
code.tex
File: pgfcorepathconstruct.code.tex 2013/10/07  (rcs-revision 1.29)
\pgf@path@lastx=\dimen153
\pgf@path@lasty=\dimen154
)
(/usr/share/texlive/texmf-dist/tex/generic/pgf/basiclayer/pgfcorepathusage.code
.tex
File: pgfcorepathusage.code.tex 2014/11/02  (rcs-revision 1.24)
\pgf@shorten@end@additional=\dimen155
\pgf@shorten@start@additional=\dimen156
)
(/usr/share/texlive/texmf-dist/tex/generic/pgf/basiclayer/pgfcorescopes.code.te
x
File: pgfcorescopes.code.tex 2015/05/08  (rcs-revision 1.46)
\pgfpic=\box36
\pgf@hbox=\box37
\pgf@layerbox@main=\box38
\pgf@picture@serial@count=\count115
)
(/usr/share/texlive/texmf-dist/tex/generic/pgf/basiclayer/pgfcoregraphicstate.c
ode.tex
File: pgfcoregraphicstate.code.tex 2014/11/02  (rcs-revision 1.12)
\pgflinewidth=\dimen157
)
(/usr/share/texlive/texmf-dist/tex/generic/pgf/basiclayer/pgfcoretransformation
s.code.tex
File: pgfcoretransformations.code.tex 2015/08/07  (rcs-revision 1.20)
\pgf@pt@x=\dimen158
\pgf@pt@y=\dimen159
\pgf@pt@temp=\dimen160
)
(/usr/share/texlive/texmf-dist/tex/generic/pgf/basiclayer/pgfcorequick.code.tex
File: pgfcorequick.code.tex 2008/10/09  (rcs-revision 1.3)
)
(/usr/share/texlive/texmf-dist/tex/generic/pgf/basiclayer/pgfcoreobjects.code.t
ex
File: pgfcoreobjects.code.tex 2006/10/11  (rcs-revision 1.2)
)
(/usr/share/texlive/texmf-dist/tex/generic/pgf/basiclayer/pgfcorepathprocessing
.code.tex
File: pgfcorepathprocessing.code.tex 2013/09/09  (rcs-revision 1.9)
)
(/usr/share/texlive/texmf-dist/tex/generic/pgf/basiclayer/pgfcorearrows.code.te
x
File: pgfcorearrows.code.tex 2015/05/14  (rcs-revision 1.43)
\pgfarrowsep=\dimen161
)
(/usr/share/texlive/texmf-dist/tex/generic/pgf/basiclayer/pgfcoreshade.code.tex
File: pgfcoreshade.code.tex 2013/07/15  (rcs-revision 1.15)
\pgf@max=\dimen162
\pgf@sys@shading@range@num=\count116
)
(/usr/share/texlive/texmf-dist/tex/generic/pgf/basiclayer/pgfcoreimage.code.tex
File: pgfcoreimage.code.tex 2013/07/15  (rcs-revision 1.18)

(/usr/share/texlive/texmf-dist/tex/generic/pgf/basiclayer/pgfcoreexternal.code.
tex
File: pgfcoreexternal.code.tex 2014/07/09  (rcs-revision 1.21)
\pgfexternal@startupbox=\box39
))
(/usr/share/texlive/texmf-dist/tex/generic/pgf/basiclayer/pgfcorelayers.code.te
x
File: pgfcorelayers.code.tex 2013/07/18  (rcs-revision 1.7)
)
(/usr/share/texlive/texmf-dist/tex/generic/pgf/basiclayer/pgfcoretransparency.c
ode.tex
File: pgfcoretransparency.code.tex 2013/09/30  (rcs-revision 1.5)
)
(/usr/share/texlive/texmf-dist/tex/generic/pgf/basiclayer/pgfcorepatterns.code.
tex
File: pgfcorepatterns.code.tex 2013/11/07  (rcs-revision 1.5)
))) (/usr/share/texlive/texmf-dist/tex/latex/pgf/utilities/xxcolor.sty
Package: xxcolor 2003/10/24 ver 0.1
\XC@nummixins=\count117
\XC@countmixins=\count118
)
(/usr/share/texlive/texmf-dist/tex/generic/oberdiek/atbegshi.sty
Package: atbegshi 2016/06/09 v1.18 At begin shipout hook (HO)

(/usr/share/texlive/texmf-dist/tex/generic/oberdiek/infwarerr.sty
Package: infwarerr 2016/05/16 v1.4 Providing info/warning/error messages (HO)
)
(/usr/share/texlive/texmf-dist/tex/generic/oberdiek/ltxcmds.sty
Package: ltxcmds 2016/05/16 v1.23 LaTeX kernel commands for general use (HO)
))
(/usr/share/texlive/texmf-dist/tex/latex/hyperref/hyperref.sty
Package: hyperref 2018/02/06 v6.86b Hypertext links for LaTeX

(/usr/share/texlive/texmf-dist/tex/generic/oberdiek/hobsub-hyperref.sty
Package: hobsub-hyperref 2016/05/16 v1.14 Bundle oberdiek, subset hyperref (HO)


(/usr/share/texlive/texmf-dist/tex/generic/oberdiek/hobsub-generic.sty
Package: hobsub-generic 2016/05/16 v1.14 Bundle oberdiek, subset generic (HO)
Package: hobsub 2016/05/16 v1.14 Construct package bundles (HO)
Package hobsub Info: Skipping package `infwarerr' (already loaded).
Package hobsub Info: Skipping package `ltxcmds' (already loaded).
Package: ifluatex 2016/05/16 v1.4 Provides the ifluatex switch (HO)
Package ifluatex Info: LuaTeX not detected.
Package hobsub Info: Skipping package `ifvtex' (already loaded).
Package: intcalc 2016/05/16 v1.2 Expandable calculations with integers (HO)
Package hobsub Info: Skipping package `ifpdf' (already loaded).
Package: etexcmds 2016/05/16 v1.6 Avoid name clashes with e-TeX commands (HO)
Package etexcmds Info: Could not find \expanded.
(etexcmds)             That can mean that you are not using pdfTeX 1.50 or
(etexcmds)             that some package has redefined \expanded.
(etexcmds)             In the latter case, load this package earlier.
Package: kvsetkeys 2016/05/16 v1.17 Key value parser (HO)
Package: kvdefinekeys 2016/05/16 v1.4 Define keys (HO)
Package: pdftexcmds 2018/01/21 v0.26 Utility functions of pdfTeX for LuaTeX (HO
)
Package pdftexcmds Info: LuaTeX not detected.
Package pdftexcmds Info: \pdf@primitive is available.
Package pdftexcmds Info: \pdf@ifprimitive is available.
Package pdftexcmds Info: \pdfdraftmode found.
Package: pdfescape 2016/05/16 v1.14 Implements pdfTeX's escape features (HO)
Package: bigintcalc 2016/05/16 v1.4 Expandable calculations on big integers (HO
)
Package: bitset 2016/05/16 v1.2 Handle bit-vector datatype (HO)
Package: uniquecounter 2016/05/16 v1.3 Provide unlimited unique counter (HO)
)
Package hobsub Info: Skipping package `hobsub' (already loaded).
Package: letltxmacro 2016/05/16 v1.5 Let assignment for LaTeX macros (HO)
Package: hopatch 2016/05/16 v1.3 Wrapper for package hooks (HO)
Package: xcolor-patch 2016/05/16 xcolor patch
Package: atveryend 2016/05/16 v1.9 Hooks at the very end of document (HO)
Package hobsub Info: Skipping package `atbegshi' (already loaded).
Package: refcount 2016/05/16 v3.5 Data extraction from label references (HO)
Package: hycolor 2016/05/16 v1.8 Color options for hyperref/bookmark (HO)
)
(/usr/share/texlive/texmf-dist/tex/latex/oberdiek/auxhook.sty
Package: auxhook 2016/05/16 v1.4 Hooks for auxiliary files (HO)
)
(/usr/share/texlive/texmf-dist/tex/latex/oberdiek/kvoptions.sty
Package: kvoptions 2016/05/16 v3.12 Key value format for package options (HO)
)
\@linkdim=\dimen163
\Hy@linkcounter=\count119
\Hy@pagecounter=\count120

(/usr/share/texlive/texmf-dist/tex/latex/hyperref/pd1enc.def
File: pd1enc.def 2018/02/06 v6.86b Hyperref: PDFDocEncoding definition (HO)
)
\Hy@SavedSpaceFactor=\count121

(/usr/share/texlive/texmf-dist/tex/latex/latexconfig/hyperref.cfg
File: hyperref.cfg 2002/06/06 v1.2 hyperref configuration of TeXLive
)
Package hyperref Info: Option `bookmarks' set `true' on input line 4383.
Package hyperref Info: Option `bookmarksopen' set `true' on input line 4383.
Package hyperref Info: Option `implicit' set `false' on input line 4383.
Package hyperref Info: Hyper figures OFF on input line 4509.
Package hyperref Info: Link nesting OFF on input line 4514.
Package hyperref Info: Hyper index ON on input line 4517.
Package hyperref Info: Plain pages OFF on input line 4524.
Package hyperref Info: Backreferencing OFF on input line 4529.
Package hyperref Info: Implicit mode OFF; no redefinition of LaTeX internals.
Package hyperref Info: Bookmarks ON on input line 4762.
\c@Hy@tempcnt=\count122

(/usr/share/texlive/texmf-dist/tex/latex/url/url.sty
\Urlmuskip=\muskip10
Package: url 2013/09/16  ver 3.4  Verb mode for urls, etc.
)
LaTeX Info: Redefining \url on input line 5115.
\XeTeXLinkMargin=\dimen164
\Fld@menulength=\count123
\Field@Width=\dimen165
\Fld@charsize=\dimen166
Package hyperref Info: Hyper figures OFF on input line 6369.
Package hyperref Info: Link nesting OFF on input line 6374.
Package hyperref Info: Hyper index ON on input line 6377.
Package hyperref Info: backreferencing OFF on input line 6384.
Package hyperref Info: Link coloring OFF on input line 6389.
Package hyperref Info: Link coloring with OCG OFF on input line 6394.
Package hyperref Info: PDF/A mode OFF on input line 6399.
LaTeX Info: Redefining \ref on input line 6439.
LaTeX Info: Redefining \pageref on input line 6443.
\Hy@abspage=\count124


Package hyperref Message: Stopped early.

)
Package hyperref Info: Driver (autodetected): hpdftex.
 (/usr/share/texlive/texmf-dist/tex/latex/hyperref/hpdftex.def
File: hpdftex.def 2018/02/06 v6.86b Hyperref driver for pdfTeX
\Fld@listcount=\count125
\c@bookmark@seq@number=\count126

(/usr/share/texlive/texmf-dist/tex/latex/oberdiek/rerunfilecheck.sty
Package: rerunfilecheck 2016/05/16 v1.8 Rerun checks for auxiliary files (HO)
Package uniquecounter Info: New unique counter `rerunfilecheck' on input line 2
82.
))
(/usr/share/texlive/texmf-dist/tex/latex/beamer/beamerbaserequires.sty
(/usr/share/texlive/texmf-dist/tex/latex/beamer/beamerbasecompatibility.sty)
(/usr/share/texlive/texmf-dist/tex/latex/beamer/beamerbasefont.sty
(/usr/share/texlive/texmf-dist/tex/latex/amsfonts/amssymb.sty
Package: amssymb 2013/01/14 v3.01 AMS font symbols

(/usr/share/texlive/texmf-dist/tex/latex/amsfonts/amsfonts.sty
Package: amsfonts 2013/01/14 v3.01 Basic AMSFonts support
\@emptytoks=\toks26
\symAMSa=\mathgroup4
\symAMSb=\mathgroup5
LaTeX Font Info:    Overwriting math alphabet `\mathfrak' in version `bold'
(Font)                  U/euf/m/n --> U/euf/b/n on input line 106.
))
(/usr/share/texlive/texmf-dist/tex/latex/sansmathaccent/sansmathaccent.sty
Package: sansmathaccent 2013/03/28

(/usr/share/texlive/texmf-dist/tex/latex/filehook/filehook.sty
Package: filehook 2011/10/12 v0.5d Hooks for input files
)))
(/usr/share/texlive/texmf-dist/tex/latex/beamer/beamerbasetranslator.sty
(/usr/share/texlive/texmf-dist/tex/latex/translator/translator.sty
Package: translator 2018/01/04 v1.12 Easy translation of strings in LaTeX
))
(/usr/share/texlive/texmf-dist/tex/latex/beamer/beamerbasemisc.sty)
(/usr/share/texlive/texmf-dist/tex/latex/beamer/beamerbasetwoscreens.sty)
(/usr/share/texlive/texmf-dist/tex/latex/beamer/beamerbaseoverlay.sty
\beamer@argscount=\count127
\beamer@lastskipcover=\skip44
\beamer@trivlistdepth=\count128
)
(/usr/share/texlive/texmf-dist/tex/latex/beamer/beamerbasetitle.sty)
(/usr/share/texlive/texmf-dist/tex/latex/beamer/beamerbasesection.sty
\c@lecture=\count129
\c@part=\count130
\c@section=\count131
\c@subsection=\count132
\c@subsubsection=\count133
)
(/usr/share/texlive/texmf-dist/tex/latex/beamer/beamerbaseframe.sty
\beamer@framebox=\box40
\beamer@frametitlebox=\box41
\beamer@zoombox=\box42
\beamer@zoomcount=\count134
\beamer@zoomframecount=\count135
\beamer@frametextheight=\dimen167
\c@subsectionslide=\count136
\beamer@frametopskip=\skip45
\beamer@framebottomskip=\skip46
\beamer@frametopskipautobreak=\skip47
\beamer@framebottomskipautobreak=\skip48
\beamer@envbody=\toks27
\framewidth=\dimen168
\c@framenumber=\count137
)
(/usr/share/texlive/texmf-dist/tex/latex/beamer/beamerbaseverbatim.sty
\beamer@verbatimfileout=\write4
)
(/usr/share/texlive/texmf-dist/tex/latex/beamer/beamerbaseframesize.sty
\beamer@splitbox=\box43
\beamer@autobreakcount=\count138
\beamer@autobreaklastheight=\dimen169
\beamer@frametitletoks=\toks28
\beamer@framesubtitletoks=\toks29
)
(/usr/share/texlive/texmf-dist/tex/latex/beamer/beamerbaseframecomponents.sty
\beamer@footins=\box44
)
(/usr/share/texlive/texmf-dist/tex/latex/beamer/beamerbasecolor.sty
\beamer@bg@ht=\dimen170
\beamer@bg@wd=\dimen171
\beamer@bg@dp=\dimen172
)
(/usr/share/texlive/texmf-dist/tex/latex/beamer/beamerbasenotes.sty
\beamer@frameboxcopy=\box45
)
(/usr/share/texlive/texmf-dist/tex/latex/beamer/beamerbasetoc.sty)
(/usr/share/texlive/texmf-dist/tex/latex/beamer/beamerbasetemplates.sty
\beamer@sbttoks=\toks30

(/usr/share/texlive/texmf-dist/tex/latex/beamer/beamerbaseauxtemplates.sty
(/usr/share/texlive/texmf-dist/tex/latex/beamer/beamerbaseboxes.sty
\bmb@box=\box46
\bmb@colorbox=\box47
\bmb@boxshadow=\box48
\bmb@boxshadowball=\box49
\bmb@boxshadowballlarge=\box50
\bmb@temp=\dimen173
\bmb@dima=\dimen174
\bmb@dimb=\dimen175
\bmb@prevheight=\dimen176
)
\beamer@blockheadheight=\dimen177
))
(/usr/share/texlive/texmf-dist/tex/latex/beamer/beamerbaselocalstructure.sty
(/usr/share/texlive/texmf-dist/tex/latex/tools/enumerate.sty
Package: enumerate 2015/07/23 v3.00 enumerate extensions (DPC)
\@enLab=\toks31
)
\c@figure=\count139
\c@table=\count140
\abovecaptionskip=\skip49
\belowcaptionskip=\skip50
)
(/usr/share/texlive/texmf-dist/tex/latex/beamer/beamerbasenavigation.sty
\beamer@section@min@dim=\dimen178
)
(/usr/share/texlive/texmf-dist/tex/latex/beamer/beamerbasetheorems.sty
(/usr/share/texlive/texmf-dist/tex/latex/amsmath/amsmath.sty
Package: amsmath 2017/09/02 v2.17a AMS math features
\@mathmargin=\skip51

For additional information on amsmath, use the `?' option.
(/usr/share/texlive/texmf-dist/tex/latex/amsmath/amstext.sty
Package: amstext 2000/06/29 v2.01 AMS text

(/usr/share/texlive/texmf-dist/tex/latex/amsmath/amsgen.sty
File: amsgen.sty 1999/11/30 v2.0 generic functions
\@emptytoks=\toks32
\ex@=\dimen179
))
(/usr/share/texlive/texmf-dist/tex/latex/amsmath/amsbsy.sty
Package: amsbsy 1999/11/29 v1.2d Bold Symbols
\pmbraise@=\dimen180
)
(/usr/share/texlive/texmf-dist/tex/latex/amsmath/amsopn.sty
Package: amsopn 2016/03/08 v2.02 operator names
)
\inf@bad=\count141
LaTeX Info: Redefining \frac on input line 213.
\uproot@=\count142
\leftroot@=\count143
LaTeX Info: Redefining \overline on input line 375.
\classnum@=\count144
\DOTSCASE@=\count145
LaTeX Info: Redefining \ldots on input line 472.
LaTeX Info: Redefining \dots on input line 475.
LaTeX Info: Redefining \cdots on input line 596.
\Mathstrutbox@=\box51
\strutbox@=\box52
\big@size=\dimen181
LaTeX Font Info:    Redeclaring font encoding OML on input line 712.
LaTeX Font Info:    Redeclaring font encoding OMS on input line 713.
\macc@depth=\count146
\c@MaxMatrixCols=\count147
\dotsspace@=\muskip11
\c@parentequation=\count148
\dspbrk@lvl=\count149
\tag@help=\toks33
\row@=\count150
\column@=\count151
\maxfields@=\count152
\andhelp@=\toks34
\eqnshift@=\dimen182
\alignsep@=\dimen183
\tagshift@=\dimen184
\tagwidth@=\dimen185
\totwidth@=\dimen186
\lineht@=\dimen187
\@envbody=\toks35
\multlinegap=\skip52
\multlinetaggap=\skip53
\mathdisplay@stack=\toks36
LaTeX Info: Redefining \[ on input line 2817.
LaTeX Info: Redefining \] on input line 2818.
)
(/usr/share/texlive/texmf-dist/tex/latex/amscls/amsthm.sty
Package: amsthm 2017/10/31 v2.20.4
\thm@style=\toks37
\thm@bodyfont=\toks38
\thm@headfont=\toks39
\thm@notefont=\toks40
\thm@headpunct=\toks41
\thm@preskip=\skip54
\thm@postskip=\skip55
\thm@headsep=\skip56
\dth@everypar=\toks42
)
\c@theorem=\count153
)
(/usr/share/texlive/texmf-dist/tex/latex/beamer/beamerbasethemes.sty))
(/usr/share/texlive/texmf-dist/tex/latex/beamer/beamerthemedefault.sty
(/usr/share/texlive/texmf-dist/tex/latex/beamer/beamerfontthemedefault.sty)
(/usr/share/texlive/texmf-dist/tex/latex/beamer/beamercolorthemedefault.sty)
(/usr/share/texlive/texmf-dist/tex/latex/beamer/beamerinnerthemedefault.sty
\beamer@dima=\dimen188
\beamer@dimb=\dimen189
)
(/usr/share/texlive/texmf-dist/tex/latex/beamer/beamerouterthemedefault.sty)))
(/usr/share/texlive/texmf-dist/tex/latex/beamer/beamerthemesplit.sty
(/usr/share/texlive/texmf-dist/tex/latex/beamer/beamercolorthemewhale.sty)
(/usr/share/texlive/texmf-dist/tex/latex/beamer/beamerouterthemesplit.sty)
(/usr/share/texlive/texmf-dist/tex/latex/beamer/beamerfontthemestructurebold.st
y)) (/usr/share/texlive/texmf-dist/tex/latex/animate/animate.sty
Package: animate 2018/02/28 PDF animations from files and inline graphics

(/usr/share/texlive/texmf-dist/tex/latex/xkeyval/xkeyval.sty
Package: xkeyval 2014/12/03 v2.7a package option processing (HA)

(/usr/share/texlive/texmf-dist/tex/generic/xkeyval/xkeyval.tex
(/usr/share/texlive/texmf-dist/tex/generic/xkeyval/xkvutils.tex
\XKV@toks=\toks43
\XKV@tempa@toks=\toks44
)
\XKV@depth=\count154
File: xkeyval.tex 2014/12/03 v2.7a key=value parser (HA)
))
(/usr/share/texlive/texmf-dist/tex/latex/base/ifthen.sty
Package: ifthen 2014/09/29 v1.1c Standard LaTeX ifthen package (DPC)
)
(/usr/share/texlive/texmf-dist/tex/latex/oberdiek/ifdraft.sty
Package: ifdraft 2016/05/16 v1.4 Detect class options draft and final (HO)
)
(/usr/share/texlive/texmf-dist/tex/latex/tools/calc.sty
Package: calc 2014/10/28 v4.3 Infix arithmetic (KKT,FJ)
\calc@Acount=\count155
\calc@Bcount=\count156
\calc@Adimen=\dimen190
\calc@Bdimen=\dimen191
\calc@Askip=\skip57
\calc@Bskip=\skip58
LaTeX Info: Redefining \setlength on input line 80.
LaTeX Info: Redefining \addtolength on input line 81.
\calc@Ccount=\count157
\calc@Cskip=\skip59
)
(/usr/share/texlive/texmf-dist/tex/latex/media9/pdfbase.sty
(/usr/share/texlive/texmf-dist/tex/latex/l3kernel/expl3.sty
Package: expl3 2018/02/21 L3 programming layer (loader) 

(/usr/share/texlive/texmf-dist/tex/latex/l3kernel/expl3-code.tex
Package: expl3 2018/02/21 L3 programming layer (code)
\c_max_int=\count158
\l_tmpa_int=\count159
\l_tmpb_int=\count160
\g_tmpa_int=\count161
\g_tmpb_int=\count162
\g__intarray_font_int=\count163
\g__prg_map_int=\count164
\c_log_iow=\count165
\l_iow_line_count_int=\count166
\l__iow_line_target_int=\count167
\l__iow_one_indent_int=\count168
\l__iow_indent_int=\count169
\c_zero_dim=\dimen192
\c_max_dim=\dimen193
\l_tmpa_dim=\dimen194
\l_tmpb_dim=\dimen195
\g_tmpa_dim=\dimen196
\g_tmpb_dim=\dimen197
\c_zero_skip=\skip60
\c_max_skip=\skip61
\l_tmpa_skip=\skip62
\l_tmpb_skip=\skip63
\g_tmpa_skip=\skip64
\g_tmpb_skip=\skip65
\c_zero_muskip=\muskip12
\c_max_muskip=\muskip13
\l_tmpa_muskip=\muskip14
\l_tmpb_muskip=\muskip15
\g_tmpa_muskip=\muskip16
\g_tmpb_muskip=\muskip17
\l_keys_choice_int=\count170
\c__fp_leading_shift_int=\count171
\c__fp_middle_shift_int=\count172
\c__fp_trailing_shift_int=\count173
\c__fp_big_leading_shift_int=\count174
\c__fp_big_middle_shift_int=\count175
\c__fp_big_trailing_shift_int=\count176
\c__fp_Bigg_leading_shift_int=\count177
\c__fp_Bigg_middle_shift_int=\count178
\c__fp_Bigg_trailing_shift_int=\count179
\c__fp_rand_size_int=\count180
\c__fp_rand_four_int=\count181
\c__fp_rand_eight_int=\count182
\l__sort_length_int=\count183
\l__sort_min_int=\count184
\l__sort_top_int=\count185
\l__sort_max_int=\count186
\l__sort_true_max_int=\count187
\l__sort_block_int=\count188
\l__sort_begin_int=\count189
\l__sort_end_int=\count190
\l__sort_A_int=\count191
\l__sort_B_int=\count192
\l__sort_C_int=\count193
\l__tl_build_start_index_int=\count194
\l__tl_build_index_int=\count195
\l__tl_analysis_normal_int=\count196
\l__tl_analysis_index_int=\count197
\l__tl_analysis_nesting_int=\count198
\l__tl_analysis_type_int=\count199
\l__regex_internal_a_int=\count266
\l__regex_internal_b_int=\count267
\l__regex_internal_c_int=\count268
\l__regex_balance_int=\count269
\l__regex_group_level_int=\count270
\l__regex_mode_int=\count271
\c__regex_cs_in_class_mode_int=\count272
\c__regex_cs_mode_int=\count273
\l__regex_catcodes_int=\count274
\l__regex_default_catcodes_int=\count275
\c__regex_catcode_D_int=\count276
\c__regex_catcode_S_int=\count277
\c__regex_catcode_L_int=\count278
\c__regex_catcode_O_int=\count279
\c__regex_catcode_A_int=\count280
\c__regex_all_catcodes_int=\count281
\l__regex_show_lines_int=\count282
\l__regex_min_state_int=\count283
\l__regex_max_state_int=\count284
\l__regex_left_state_int=\count285
\l__regex_right_state_int=\count286
\l__regex_capturing_group_int=\count287
\l__regex_min_pos_int=\count288
\l__regex_max_pos_int=\count289
\l__regex_curr_pos_int=\count290
\l__regex_start_pos_int=\count291
\l__regex_success_pos_int=\count292
\l__regex_curr_char_int=\count293
\l__regex_curr_catcode_int=\count294
\l__regex_last_char_int=\count295
\l__regex_case_changed_char_int=\count296
\l__regex_curr_state_int=\count297
\l__regex_step_int=\count298
\l__regex_min_active_int=\count299
\l__regex_max_active_int=\count300
\l__regex_replacement_csnames_int=\count301
\l__regex_match_count_int=\count302
\l__regex_min_submatch_int=\count303
\l__regex_submatch_int=\count304
\l__regex_zeroth_submatch_int=\count305
\g__regex_trace_regex_int=\count306
\c_empty_box=\box53
\l_tmpa_box=\box54
\l_tmpb_box=\box55
\g_tmpa_box=\box56
\g_tmpb_box=\box57
\l__box_top_dim=\dimen198
\l__box_bottom_dim=\dimen199
\l__box_left_dim=\dimen256
\l__box_right_dim=\dimen257
\l__box_top_new_dim=\dimen258
\l__box_bottom_new_dim=\dimen259
\l__box_left_new_dim=\dimen260
\l__box_right_new_dim=\dimen261
\l__box_internal_box=\box58
\l__coffin_internal_box=\box59
\l__coffin_internal_dim=\dimen262
\l__coffin_offset_x_dim=\dimen263
\l__coffin_offset_y_dim=\dimen264
\l__coffin_x_dim=\dimen265
\l__coffin_y_dim=\dimen266
\l__coffin_x_prime_dim=\dimen267
\l__coffin_y_prime_dim=\dimen268
\c_empty_coffin=\box60
\l__coffin_aligned_coffin=\box61
\l__coffin_aligned_internal_coffin=\box62
\l_tmpa_coffin=\box63
\l_tmpb_coffin=\box64
\l__coffin_display_coffin=\box65
\l__coffin_display_coord_coffin=\box66
\l__coffin_display_pole_coffin=\box67
\l__coffin_display_offset_dim=\dimen269
\l__coffin_display_x_dim=\dimen270
\l__coffin_display_y_dim=\dimen271
\l__coffin_bounding_shift_dim=\dimen272
\l__coffin_left_corner_dim=\dimen273
\l__coffin_right_corner_dim=\dimen274
\l__coffin_bottom_corner_dim=\dimen275
\l__coffin_top_corner_dim=\dimen276
\l__coffin_scaled_total_height_dim=\dimen277
\l__coffin_scaled_width_dim=\dimen278
)
(/usr/share/texlive/texmf-dist/tex/latex/l3kernel/l3pdfmode.def
File: l3pdfmode.def 2017/03/18 v L3 Experimental driver: PDF mode
\l__driver_color_stack_int=\count307
\l__driver_tmp_box=\box68
))
(/usr/share/texlive/texmf-dist/tex/latex/l3packages/l3keys2e/l3keys2e.sty
Package: l3keys2e 2018/02/21 LaTeX2e option processing using LaTeX3 keys
)
Package: pdfbase 2018/02/28 v0.21 driver independent access to low-level PDF fe
atures
\g_pbs_page_int=\count308
\g_pbs_oc_int=\count309
)
(/usr/share/texlive/texmf-dist/tex/latex/ocgx2/ocgbase.sty
Package: ocgbase 2017/09/29 v0.12 support package for ocgx2.sty
\g_ocgbase_nd_int=\count310
)
\@anim@box=\box69
\@anim@measbox=\box70
\@anim@tmpdima=\dimen279
\@anim@tmpdimb=\dimen280
\@anim@num=\count311
\@anim@curframe=\count312
\@anim@curframe@zb=\count313
\@anim@resizeflags=\count314
\@anim@skipfram=\count315
\@anim@mulframecnt=\count316
\@anim@@tmlnfile=\read2
\@anim@tmpcnt=\count317
\c@@anim@ltxcnt=\count318
\@anim@curlayer=\count319
\@anim@lineno=\count320
\@anim@curfield=\count321
\@anim@@resizeflags=\count322
)
(/usr/share/texlive/texmf-dist/tex/latex/beamer/multimedia.sty
Package: multimedia 2012/05/02 ver 0.02
\mm@movie=\count323
)
(/usr/share/texlive/texmf-dist/tex/latex/beamer/beamerthemeFrankfurt.sty
(/usr/share/texlive/texmf-dist/tex/latex/beamer/beamerouterthemesmoothbars.sty)
(/usr/share/texlive/texmf-dist/tex/latex/beamer/beamerinnerthemerounded.sty)
(/usr/share/texlive/texmf-dist/tex/latex/beamer/beamercolorthemeorchid.sty))
(./usp.aux)
\openout1 = `usp.aux'.

LaTeX Font Info:    Checking defaults for OML/cmm/m/it on input line 12.
LaTeX Font Info:    ... okay on input line 12.
LaTeX Font Info:    Checking defaults for T1/cmr/m/n on input line 12.
LaTeX Font Info:    ... okay on input line 12.
LaTeX Font Info:    Checking defaults for OT1/cmr/m/n on input line 12.
LaTeX Font Info:    ... okay on input line 12.
LaTeX Font Info:    Checking defaults for OMS/cmsy/m/n on input line 12.
LaTeX Font Info:    ... okay on input line 12.
LaTeX Font Info:    Checking defaults for OMX/cmex/m/n on input line 12.
LaTeX Font Info:    ... okay on input line 12.
LaTeX Font Info:    Checking defaults for U/cmr/m/n on input line 12.
LaTeX Font Info:    ... okay on input line 12.
LaTeX Font Info:    Checking defaults for PD1/pdf/m/n on input line 12.
LaTeX Font Info:    ... okay on input line 12.

*geometry* driver: auto-detecting
*geometry* detected driver: pdftex
*geometry* verbose mode - [ preamble ] result:
* driver: pdftex
* paper: custom
* layout: <same size as paper>
* layoutoffset:(h,v)=(0.0pt,0.0pt)
* modes: includehead includefoot 
* h-part:(L,W,R)=(28.45274pt, 307.28987pt, 28.45274pt)
* v-part:(T,H,B)=(0.0pt, 273.14662pt, 0.0pt)
* \paperwidth=364.19536pt
* \paperheight=273.14662pt
* \textwidth=307.28987pt
* \textheight=244.6939pt
* \oddsidemargin=-43.81725pt
* \evensidemargin=-43.81725pt
* \topmargin=-72.26999pt
* \headheight=14.22636pt
* \headsep=0.0pt
* \topskip=11.0pt
* \footskip=14.22636pt
* \marginparwidth=4.0pt
* \marginparsep=10.0pt
* \columnsep=10.0pt
* \skip\footins=10.0pt plus 4.0pt minus 2.0pt
* \hoffset=0.0pt
* \voffset=0.0pt
* \mag=1000
* \@twocolumnfalse
* \@twosidefalse
* \@mparswitchfalse
* \@reversemarginfalse
* (1in=72.27pt=25.4mm, 1cm=28.453pt)

(/usr/share/texlive/texmf-dist/tex/context/base/mkii/supp-pdf.mkii
[Loading MPS to PDF converter (version 2006.09.02).]
\scratchcounter=\count324
\scratchdimen=\dimen281
\scratchbox=\box71
\nofMPsegments=\count325
\nofMParguments=\count326
\everyMPshowfont=\toks45
\MPscratchCnt=\count327
\MPscratchDim=\dimen282
\MPnumerator=\count328
\makeMPintoPDFobject=\count329
\everyMPtoPDFconversion=\toks46
) (/usr/share/texlive/texmf-dist/tex/latex/oberdiek/epstopdf-base.sty
Package: epstopdf-base 2016/05/15 v2.6 Base part for package epstopdf

(/usr/share/texlive/texmf-dist/tex/latex/oberdiek/grfext.sty
Package: grfext 2016/05/16 v1.2 Manage graphics extensions (HO)
)
Package epstopdf-base Info: Redefining graphics rule for `.eps' on input line 4
38.
Package grfext Info: Graphics extension search list:
(grfext)             [.pdf,.png,.jpg,.mps,.jpeg,.jbig2,.jb2,.PDF,.PNG,.JPG,.JPE
G,.JBIG2,.JB2,.eps]
(grfext)             \AppendGraphicsExtensions on input line 456.

(/usr/share/texlive/texmf-dist/tex/latex/latexconfig/epstopdf-sys.cfg
File: epstopdf-sys.cfg 2010/07/13 v1.3 Configuration of (r)epstopdf for TeX Liv
e
))
ABD: EveryShipout initializing macros
\AtBeginShipoutBox=\box72
Package hyperref Info: Link coloring OFF on input line 12.

(/usr/share/texlive/texmf-dist/tex/latex/hyperref/nameref.sty
Package: nameref 2016/05/21 v2.44 Cross-referencing by name of section

(/usr/share/texlive/texmf-dist/tex/generic/oberdiek/gettitlestring.sty
Package: gettitlestring 2016/05/16 v1.5 Cleanup title references (HO)
)
\c@section@level=\count330
)
LaTeX Info: Redefining \ref on input line 12.
LaTeX Info: Redefining \pageref on input line 12.
LaTeX Info: Redefining \nameref on input line 12.

(./usp.out) (./usp.out)
\@outlinefile=\write5
\openout5 = `usp.out'.

LaTeX Font Info:    Overwriting symbol font `operators' in version `normal'
(Font)                  OT1/cmr/m/n --> OT1/cmss/m/n on input line 12.
LaTeX Font Info:    Overwriting symbol font `operators' in version `bold'
(Font)                  OT1/cmr/bx/n --> OT1/cmss/bx/n on input line 12.
\symnumbers=\mathgroup6
\sympureletters=\mathgroup7
LaTeX Font Info:    Overwriting math alphabet `\mathrm' in version `normal'
(Font)                  OT1/cmss/m/n --> OT1/cmr/m/n on input line 12.
LaTeX Font Info:    Redeclaring math alphabet \mathbf on input line 12.
LaTeX Font Info:    Overwriting math alphabet `\mathbf' in version `normal'
(Font)                  OT1/cmr/bx/n --> OT1/cmss/bx/n on input line 12.
LaTeX Font Info:    Overwriting math alphabet `\mathbf' in version `bold'
(Font)                  OT1/cmr/bx/n --> OT1/cmss/bx/n on input line 12.
LaTeX Font Info:    Redeclaring math alphabet \mathsf on input line 12.
LaTeX Font Info:    Overwriting math alphabet `\mathsf' in version `normal'
(Font)                  OT1/cmss/m/n --> OT1/cmss/m/n on input line 12.
LaTeX Font Info:    Overwriting math alphabet `\mathsf' in version `bold'
(Font)                  OT1/cmss/bx/n --> OT1/cmss/m/n on input line 12.
LaTeX Font Info:    Redeclaring math alphabet \mathit on input line 12.
LaTeX Font Info:    Overwriting math alphabet `\mathit' in version `normal'
(Font)                  OT1/cmr/m/it --> OT1/cmss/m/it on input line 12.
LaTeX Font Info:    Overwriting math alphabet `\mathit' in version `bold'
(Font)                  OT1/cmr/bx/it --> OT1/cmss/m/it on input line 12.
LaTeX Font Info:    Redeclaring math alphabet \mathtt on input line 12.
LaTeX Font Info:    Overwriting math alphabet `\mathtt' in version `normal'
(Font)                  OT1/cmtt/m/n --> OT1/cmtt/m/n on input line 12.
LaTeX Font Info:    Overwriting math alphabet `\mathtt' in version `bold'
(Font)                  OT1/cmtt/m/n --> OT1/cmtt/m/n on input line 12.
LaTeX Font Info:    Overwriting symbol font `numbers' in version `bold'
(Font)                  OT1/cmss/m/n --> OT1/cmss/bx/n on input line 12.
LaTeX Font Info:    Overwriting symbol font `pureletters' in version `bold'
(Font)                  OT1/cmss/m/it --> OT1/cmss/bx/it on input line 12.
LaTeX Font Info:    Overwriting math alphabet `\mathrm' in version `bold'
(Font)                  OT1/cmss/bx/n --> OT1/cmr/bx/n on input line 12.
LaTeX Font Info:    Overwriting math alphabet `\mathbf' in version `bold'
(Font)                  OT1/cmss/bx/n --> OT1/cmss/bx/n on input line 12.
LaTeX Font Info:    Overwriting math alphabet `\mathsf' in version `bold'
(Font)                  OT1/cmss/m/n --> OT1/cmss/bx/n on input line 12.
LaTeX Font Info:    Overwriting math alphabet `\mathit' in version `bold'
(Font)                  OT1/cmss/m/it --> OT1/cmss/bx/it on input line 12.
LaTeX Font Info:    Overwriting math alphabet `\mathtt' in version `bold'
(Font)                  OT1/cmtt/m/n --> OT1/cmtt/bx/n on input line 12.
LaTeX Font Info:    Redeclaring symbol font `pureletters' on input line 12.
LaTeX Font Info:    Overwriting symbol font `pureletters' in version `normal'
(Font)                  OT1/cmss/m/it --> OT1/mathkerncmss/m/sl on input line 1
2.
LaTeX Font Info:    Overwriting symbol font `pureletters' in version `bold'
(Font)                  OT1/cmss/bx/it --> OT1/mathkerncmss/m/sl on input line 
12.
LaTeX Font Info:    Overwriting symbol font `pureletters' in version `bold'
(Font)                  OT1/mathkerncmss/m/sl --> OT1/mathkerncmss/bx/sl on inp
ut line 12.

(/usr/share/texlive/texmf-dist/tex/latex/translator/translator-basic-dictionary
-English.dict
Dictionary: translator-basic-dictionary, Language: English 
)
(/usr/share/texlive/texmf-dist/tex/latex/translator/translator-bibliography-dic
tionary-English.dict
Dictionary: translator-bibliography-dictionary, Language: English 
)
(/usr/share/texlive/texmf-dist/tex/latex/translator/translator-environment-dict
ionary-English.dict
Dictionary: translator-environment-dictionary, Language: English 
)
(/usr/share/texlive/texmf-dist/tex/latex/translator/translator-months-dictionar
y-English.dict
Dictionary: translator-months-dictionary, Language: English 
)
(/usr/share/texlive/texmf-dist/tex/latex/translator/translator-numbers-dictiona
ry-English.dict
Dictionary: translator-numbers-dictionary, Language: English 
)
(/usr/share/texlive/texmf-dist/tex/latex/translator/translator-theorem-dictiona
ry-English.dict
Dictionary: translator-theorem-dictionary, Language: English 
) (./usp.nav)

Package hyperref Warning: Option `pdfauthor' has already been used,
(hyperref)                setting the option has no effect on input line 14.


Overfull \hbox (135.30057pt too wide) has occurred while \output is active
 [][][][] 
 []

[1{/var/lib/texmf/fonts/map/pdftex/updmap/pdftex.map}

] (./usp.toc
LaTeX Font Info:    Try loading font information for U+msa on input line 10.

(/usr/share/texlive/texmf-dist/tex/latex/amsfonts/umsa.fd
File: umsa.fd 2013/01/14 v3.01 AMS symbols A
)
LaTeX Font Info:    Try loading font information for U+msb on input line 10.

(/usr/share/texlive/texmf-dist/tex/latex/amsfonts/umsb.fd
File: umsb.fd 2013/01/14 v3.01 AMS symbols B
)
LaTeX Font Info:    Try loading font information for OT1+mathkerncmss on input 
line 10.

(/usr/share/texlive/texmf-dist/tex/latex/sansmathaccent/ot1mathkerncmss.fd
File: ot1mathkerncmss.fd 2013/03/27 Fontinst v1.933 font definitions for OT1/ma
thkerncmss.
))
Overfull \hbox (135.30057pt too wide) has occurred while \output is active
 [][][][] 
 []

[2

] (./usp.toc)
Overfull \hbox (135.30057pt too wide) has occurred while \output is active
 [][][][] 
 []

[3

]
Overfull \hbox (135.30057pt too wide) has occurred while \output is active
 [][][][] 
 []

[4

]
<MLClasses.jpg, id=524, 493.3632pt x 291.0072pt>
File: MLClasses.jpg Graphic file (type jpg)
<use MLClasses.jpg>
Package pdftex.def Info: MLClasses.jpg  used on input line 52.
(pdftex.def)             Requested size: 246.681pt x 145.50323pt.

Overfull \hbox (135.30057pt too wide) has occurred while \output is active
 [][][][] 
 []

[5

 <./MLClasses.jpg>]
<./aprendizaje_supervisado.pdf, id=603, 722.7pt x 406.51875pt>
File: ./aprendizaje_supervisado.pdf Graphic file (type pdf)
<use ./aprendizaje_supervisado.pdf>
Package pdftex.def Info: ./aprendizaje_supervisado.pdf  used on input line 60.
(pdftex.def)             Requested size: 325.21199pt x 182.93173pt.

Overfull \hbox (17.92212pt too wide) in paragraph at lines 60--60
 [] 
 []


Overfull \hbox (135.30057pt too wide) has occurred while \output is active
 [][][][] 
 []

[6

 <./aprendizaje_supervisado.pdf>]
<table1.png, id=693, 1006.76125pt x 304.13625pt>
File: table1.png Graphic file (type png)
<use table1.png>
Package pdftex.def Info: table1.png  used on input line 69.
(pdftex.def)             Requested size: 302.0307pt x 91.24158pt.

Overfull \hbox (135.30057pt too wide) has occurred while \output is active
 [][][][] 
 []

[7

 <./table1.png>]
<table2.png, id=775, 1042.89626pt x 513.92pt>
File: table2.png Graphic file (type png)
<use table2.png>
Package pdftex.def Info: table2.png  used on input line 77.
(pdftex.def)             Requested size: 312.87129pt x 154.17719pt.

Overfull \hbox (5.58142pt too wide) in paragraph at lines 77--77
 [] 
 []


Overfull \hbox (135.30057pt too wide) has occurred while \output is active
 [][][][] 
 []

[8

 <./table2.png>]
<f1.png, id=854, 789.95125pt x 529.98pt>
File: f1.png Graphic file (type png)
<use f1.png>
Package pdftex.def Info: f1.png  used on input line 85.
(pdftex.def)             Requested size: 236.9872pt x 158.99521pt.

Overfull \hbox (135.30057pt too wide) has occurred while \output is active
 [][][][] 
 []

[9

 <./f1.png>]
<table3.png, id=934, 865.73438pt x 420.82219pt>
File: table3.png Graphic file (type png)
<use table3.png>
Package pdftex.def Info: table3.png  used on input line 93.
(pdftex.def)             Requested size: 259.72232pt x 126.24762pt.

Overfull \hbox (135.30057pt too wide) has occurred while \output is active
 [][][][] 
 []

[10

 <./table3.png>]
<f2.png, id=1014, 793.96625pt x 546.04pt>
File: f2.png Graphic file (type png)
<use f2.png>
Package pdftex.def Info: f2.png  used on input line 101.
(pdftex.def)             Requested size: 238.19171pt x 163.81326pt.

Overfull \hbox (135.30057pt too wide) has occurred while \output is active
 [][][][] 
 []

[11

 <./f2.png>]
<f3.png, id=1094, 794.97pt x 531.9875pt>
File: f3.png Graphic file (type png)
<use f3.png>
Package pdftex.def Info: f3.png  used on input line 109.
(pdftex.def)             Requested size: 238.49284pt x 159.59747pt.

Overfull \hbox (135.30057pt too wide) has occurred while \output is active
 [][][][] 
 []

[12

 <./f3.png>]
<table4.png, id=1173, 1163.34625pt x 353.32pt>
File: table4.png Graphic file (type png)
<use table4.png>
Package pdftex.def Info: table4.png  used on input line 117.
(pdftex.def)             Requested size: 325.73473pt x 98.92892pt.

Overfull \hbox (18.44485pt too wide) in paragraph at lines 117--117
 [] 
 []


Overfull \hbox (135.30057pt too wide) has occurred while \output is active
 [][][][] 
 []

[13

 <./table4.png>] (./usp.toc)
Overfull \hbox (135.30057pt too wide) has occurred while \output is active
 [][][][] 
 []

[14

]
<knn.png, id=1344, 472.76625pt x 442.65375pt>
File: knn.png Graphic file (type png)
<use knn.png>
Package pdftex.def Info: knn.png  used on input line 136.
(pdftex.def)             Requested size: 236.38254pt x 221.32632pt.

Overfull \vbox (17.88573pt too high) detected at line 136
 []


Overfull \hbox (135.30057pt too wide) has occurred while \output is active
 [][][][] 
 []

[15

 <./knn.png>]
<random_forest-0.png, id=1435, 388.45125pt x 328.22626pt>
File: random_forest-0.png Graphic file (type png)
<use random_forest-0.png>
Package pdftex.def Info: random_forest-0.png  used on input line 142.
(pdftex.def)             Requested size: 388.45029pt x 328.22545pt.
 <./random_forest-0.png> <a0,fr0>
<random_forest-1.png, id=1444, 388.45125pt x 328.22626pt>
File: random_forest-1.png Graphic file (type png)
<use random_forest-1.png>
Package pdftex.def Info: random_forest-1.png  used on input line 142.
(pdftex.def)             Requested size: 388.45029pt x 328.22545pt.
 <./random_forest-1.png>
<a0,fr1>
<random_forest-2.png, id=1453, 388.45125pt x 328.22626pt>
File: random_forest-2.png Graphic file (type png)
<use random_forest-2.png>
Package pdftex.def Info: random_forest-2.png  used on input line 142.
(pdftex.def)             Requested size: 388.45029pt x 328.22545pt.
 <./random_forest-2.png> <a0,fr2>
<random_forest-3.png, id=1462, 388.45125pt x 328.22626pt>
File: random_forest-3.png Graphic file (type png)
<use random_forest-3.png>
Package pdftex.def Info: random_forest-3.png  used on input line 142.
(pdftex.def)             Requested size: 388.45029pt x 328.22545pt.
 <./random_forest-3.png> <a0,fr3>
<random_forest-4.png, id=1471, 388.45125pt x 328.22626pt>
File: random_forest-4.png Graphic file (type png)
<use random_forest-4.png>
Package pdftex.def Info: random_forest-4.png  used on input line 142.
(pdftex.def)             Requested size: 388.45029pt x 328.22545pt.
 <./random_forest-4.png> <a0,fr4>
<random_forest-5.png, id=1480, 388.45125pt x 328.22626pt>
File: random_forest-5.png Graphic file (type png)
<use random_forest-5.png>
Package pdftex.def Info: random_forest-5.png  used on input line 142.
(pdftex.def)             Requested size: 388.45029pt x 328.22545pt.
 <./random_forest-5.png> <a0,fr5>
<random_forest-6.png, id=1489, 388.45125pt x 328.22626pt>
File: random_forest-6.png Graphic file (type png)
<use random_forest-6.png>
Package pdftex.def Info: random_forest-6.png  used on input line 142.
(pdftex.def)             Requested size: 388.45029pt x 328.22545pt.
 <./random_forest-6.png> <a0,fr6>
<random_forest-7.png, id=1498, 388.45125pt x 328.22626pt>
File: random_forest-7.png Graphic file (type png)
<use random_forest-7.png>
Package pdftex.def Info: random_forest-7.png  used on input line 142.
(pdftex.def)             Requested size: 388.45029pt x 328.22545pt.
 <./random_forest-7.png> <a0,fr7>
<random_forest-8.png, id=1507, 388.45125pt x 328.22626pt>
File: random_forest-8.png Graphic file (type png)
<use random_forest-8.png>
Package pdftex.def Info: random_forest-8.png  used on input line 142.
(pdftex.def)             Requested size: 388.45029pt x 328.22545pt.
 <./random_forest-8.png>
<a0,fr8>
<random_forest-9.png, id=1516, 388.45125pt x 328.22626pt>
File: random_forest-9.png Graphic file (type png)
<use random_forest-9.png>
Package pdftex.def Info: random_forest-9.png  used on input line 142.
(pdftex.def)             Requested size: 388.45029pt x 328.22545pt.
 <./random_forest-9.png> <a0,fr9>
<random_forest-10.png, id=1525, 388.45125pt x 328.22626pt>
File: random_forest-10.png Graphic file (type png)
<use random_forest-10.png>
Package pdftex.def Info: random_forest-10.png  used on input line 142.
(pdftex.def)             Requested size: 388.45029pt x 328.22545pt.
 <./random_forest-10.png> <a0,fr10>
<random_forest-11.png, id=1534, 388.45125pt x 328.22626pt>
File: random_forest-11.png Graphic file (type png)
<use random_forest-11.png>
Package pdftex.def Info: random_forest-11.png  used on input line 142.
(pdftex.def)             Requested size: 388.45029pt x 328.22545pt.
 <./random_forest-11.png> <a0,fr11>
<random_forest-12.png, id=1543, 388.45125pt x 328.22626pt>
File: random_forest-12.png Graphic file (type png)
<use random_forest-12.png>
Package pdftex.def Info: random_forest-12.png  used on input line 142.
(pdftex.def)             Requested size: 388.45029pt x 328.22545pt.
 <./random_forest-12.png> <a0,fr12>
<random_forest-13.png, id=1552, 388.45125pt x 328.22626pt>
File: random_forest-13.png Graphic file (type png)
<use random_forest-13.png>
Package pdftex.def Info: random_forest-13.png  used on input line 142.
(pdftex.def)             Requested size: 388.45029pt x 328.22545pt.
 <./random_forest-13.png> <a0,fr13>
<random_forest-14.png, id=1561, 388.45125pt x 328.22626pt>
File: random_forest-14.png Graphic file (type png)
<use random_forest-14.png>
Package pdftex.def Info: random_forest-14.png  used on input line 142.
(pdftex.def)             Requested size: 388.45029pt x 328.22545pt.
 <./random_forest-14.png> <a0,fr14>
<random_forest-15.png, id=1570, 388.45125pt x 328.22626pt>
File: random_forest-15.png Graphic file (type png)
<use random_forest-15.png>
Package pdftex.def Info: random_forest-15.png  used on input line 142.
(pdftex.def)             Requested size: 388.45029pt x 328.22545pt.
 <./random_forest-15.png> <a0,fr15>
<random_forest-16.png, id=1579, 388.45125pt x 328.22626pt>
File: random_forest-16.png Graphic file (type png)
<use random_forest-16.png>
Package pdftex.def Info: random_forest-16.png  used on input line 142.
(pdftex.def)             Requested size: 388.45029pt x 328.22545pt.
 <./random_forest-16.png> <a0,fr16>
<random_forest-17.png, id=1588, 388.45125pt x 328.22626pt>
File: random_forest-17.png Graphic file (type png)
<use random_forest-17.png>
Package pdftex.def Info: random_forest-17.png  used on input line 142.
(pdftex.def)             Requested size: 388.45029pt x 328.22545pt.
 <./random_forest-17.png>
<a0,fr17>
<random_forest-18.png, id=1597, 388.45125pt x 328.22626pt>
File: random_forest-18.png Graphic file (type png)
<use random_forest-18.png>
Package pdftex.def Info: random_forest-18.png  used on input line 142.
(pdftex.def)             Requested size: 388.45029pt x 328.22545pt.
 <./random_forest-18.png> <a0,fr18>
<random_forest-19.png, id=1606, 388.45125pt x 328.22626pt>
File: random_forest-19.png Graphic file (type png)
<use random_forest-19.png>
Package pdftex.def Info: random_forest-19.png  used on input line 142.
(pdftex.def)             Requested size: 388.45029pt x 328.22545pt.
 <./random_forest-19.png>
<a0,fr19>
<random_forest-20.png, id=1615, 388.45125pt x 328.22626pt>
File: random_forest-20.png Graphic file (type png)
<use random_forest-20.png>
Package pdftex.def Info: random_forest-20.png  used on input line 142.
(pdftex.def)             Requested size: 388.45029pt x 328.22545pt.
 <./random_forest-20.png> <a0,fr20>
Overfull \hbox (135.30057pt too wide) has occurred while \output is active
 [][][][] 
 []

[16

]
<support_vector_machines-0.png, id=1721, 805.0075pt x 598.235pt>
File: support_vector_machines-0.png Graphic file (type png)
<use support_vector_machines-0.png>
Package pdftex.def Info: support_vector_machines-0.png  used on input line 157.

(pdftex.def)             Requested size: 805.00555pt x 598.23354pt.
 <./support_vector_machines-0.png> <a1,fr0>
<support_vector_machines-1.png, id=1730, 805.0075pt x 598.235pt>
File: support_vector_machines-1.png Graphic file (type png)
<use support_vector_machines-1.png>
Package pdftex.def Info: support_vector_machines-1.png  used on input line 157.

(pdftex.def)             Requested size: 805.00555pt x 598.23354pt.
 <./support_vector_machines-1.png> <a1,fr1>
<support_vector_machines-2.png, id=1739, 805.0075pt x 598.235pt>
File: support_vector_machines-2.png Graphic file (type png)
<use support_vector_machines-2.png>
Package pdftex.def Info: support_vector_machines-2.png  used on input line 157.

(pdftex.def)             Requested size: 805.00555pt x 598.23354pt.
 <./support_vector_machines-2.png> <a1,fr2>
<support_vector_machines-3.png, id=1748, 805.0075pt x 598.235pt>
File: support_vector_machines-3.png Graphic file (type png)
<use support_vector_machines-3.png>
Package pdftex.def Info: support_vector_machines-3.png  used on input line 157.

(pdftex.def)             Requested size: 805.00555pt x 598.23354pt.
 <./support_vector_machines-3.png> <a1,fr3>
<support_vector_machines-4.png, id=1757, 805.0075pt x 598.235pt>
File: support_vector_machines-4.png Graphic file (type png)
<use support_vector_machines-4.png>
Package pdftex.def Info: support_vector_machines-4.png  used on input line 157.

(pdftex.def)             Requested size: 805.00555pt x 598.23354pt.
 <./support_vector_machines-4.png> <a1,fr4>
<support_vector_machines-5.png, id=1766, 805.0075pt x 598.235pt>
File: support_vector_machines-5.png Graphic file (type png)
<use support_vector_machines-5.png>
Package pdftex.def Info: support_vector_machines-5.png  used on input line 157.

(pdftex.def)             Requested size: 805.00555pt x 598.23354pt.
 <./support_vector_machines-5.png> <a1,fr5>
<support_vector_machines-6.png, id=1775, 805.0075pt x 598.235pt>
File: support_vector_machines-6.png Graphic file (type png)
<use support_vector_machines-6.png>
Package pdftex.def Info: support_vector_machines-6.png  used on input line 157.

(pdftex.def)             Requested size: 805.00555pt x 598.23354pt.
 <./support_vector_machines-6.png> <a1,fr6>
<support_vector_machines-7.png, id=1784, 805.0075pt x 598.235pt>
File: support_vector_machines-7.png Graphic file (type png)
<use support_vector_machines-7.png>
Package pdftex.def Info: support_vector_machines-7.png  used on input line 157.

(pdftex.def)             Requested size: 805.00555pt x 598.23354pt.
 <./support_vector_machines-7.png> <a1,fr7>
<support_vector_machines-8.png, id=1793, 805.0075pt x 598.235pt>
File: support_vector_machines-8.png Graphic file (type png)
<use support_vector_machines-8.png>
Package pdftex.def Info: support_vector_machines-8.png  used on input line 157.

(pdftex.def)             Requested size: 805.00555pt x 598.23354pt.
 <./support_vector_machines-8.png> <a1,fr8>
<support_vector_machines-9.png, id=1802, 805.0075pt x 598.235pt>
File: support_vector_machines-9.png Graphic file (type png)
<use support_vector_machines-9.png>
Package pdftex.def Info: support_vector_machines-9.png  used on input line 157.

(pdftex.def)             Requested size: 805.00555pt x 598.23354pt.
 <./support_vector_machines-9.png> <a1,fr9>
<support_vector_machines-10.png, id=1811, 805.0075pt x 598.235pt>
File: support_vector_machines-10.png Graphic file (type png)
<use support_vector_machines-10.png>
Package pdftex.def Info: support_vector_machines-10.png  used on input line 157
.
(pdftex.def)             Requested size: 805.00555pt x 598.23354pt.
 <./support_vector_machines-10.png>
<a1,fr10>
<support_vector_machines-11.png, id=1820, 805.0075pt x 598.235pt>
File: support_vector_machines-11.png Graphic file (type png)
<use support_vector_machines-11.png>
Package pdftex.def Info: support_vector_machines-11.png  used on input line 157
.
(pdftex.def)             Requested size: 805.00555pt x 598.23354pt.
 <./support_vector_machines-11.png> <a1,fr11>
<support_vector_machines-12.png, id=1829, 805.0075pt x 598.235pt>
File: support_vector_machines-12.png Graphic file (type png)
<use support_vector_machines-12.png>
Package pdftex.def Info: support_vector_machines-12.png  used on input line 157
.
(pdftex.def)             Requested size: 805.00555pt x 598.23354pt.
 <./support_vector_machines-12.png> <a1,fr12>
<support_vector_machines-13.png, id=1838, 805.0075pt x 598.235pt>
File: support_vector_machines-13.png Graphic file (type png)
<use support_vector_machines-13.png>
Package pdftex.def Info: support_vector_machines-13.png  used on input line 157
.
(pdftex.def)             Requested size: 805.00555pt x 598.23354pt.
 <./support_vector_machines-13.png> <a1,fr13>
<support_vector_machines-14.png, id=1847, 805.0075pt x 598.235pt>
File: support_vector_machines-14.png Graphic file (type png)
<use support_vector_machines-14.png>
Package pdftex.def Info: support_vector_machines-14.png  used on input line 157
.
(pdftex.def)             Requested size: 805.00555pt x 598.23354pt.
 <./support_vector_machines-14.png> <a1,fr14>
<support_vector_machines-15.png, id=1856, 805.0075pt x 598.235pt>
File: support_vector_machines-15.png Graphic file (type png)
<use support_vector_machines-15.png>
Package pdftex.def Info: support_vector_machines-15.png  used on input line 157
.
(pdftex.def)             Requested size: 805.00555pt x 598.23354pt.
 <./support_vector_machines-15.png> <a1,fr15>
<support_vector_machines-16.png, id=1865, 805.0075pt x 598.235pt>
File: support_vector_machines-16.png Graphic file (type png)
<use support_vector_machines-16.png>
Package pdftex.def Info: support_vector_machines-16.png  used on input line 157
.
(pdftex.def)             Requested size: 805.00555pt x 598.23354pt.
 <./support_vector_machines-16.png> <a1,fr16>
<support_vector_machines-17.png, id=1874, 805.0075pt x 598.235pt>
File: support_vector_machines-17.png Graphic file (type png)
<use support_vector_machines-17.png>
Package pdftex.def Info: support_vector_machines-17.png  used on input line 157
.
(pdftex.def)             Requested size: 805.00555pt x 598.23354pt.
 <./support_vector_machines-17.png>
<a1,fr17>
<support_vector_machines-18.png, id=1883, 805.0075pt x 598.235pt>
File: support_vector_machines-18.png Graphic file (type png)
<use support_vector_machines-18.png>
Package pdftex.def Info: support_vector_machines-18.png  used on input line 157
.
(pdftex.def)             Requested size: 805.00555pt x 598.23354pt.
 <./support_vector_machines-18.png> <a1,fr18>
<support_vector_machines-19.png, id=1892, 805.0075pt x 598.235pt>
File: support_vector_machines-19.png Graphic file (type png)
<use support_vector_machines-19.png>
Package pdftex.def Info: support_vector_machines-19.png  used on input line 157
.
(pdftex.def)             Requested size: 805.00555pt x 598.23354pt.
 <./support_vector_machines-19.png> <a1,fr19>
<support_vector_machines-20.png, id=1901, 805.0075pt x 598.235pt>
File: support_vector_machines-20.png Graphic file (type png)
<use support_vector_machines-20.png>
Package pdftex.def Info: support_vector_machines-20.png  used on input line 157
.
(pdftex.def)             Requested size: 805.00555pt x 598.23354pt.
 <./support_vector_machines-20.png> <a1,fr20>
<support_vector_machines-21.png, id=1910, 805.0075pt x 598.235pt>
File: support_vector_machines-21.png Graphic file (type png)
<use support_vector_machines-21.png>
Package pdftex.def Info: support_vector_machines-21.png  used on input line 157
.
(pdftex.def)             Requested size: 805.00555pt x 598.23354pt.
 <./support_vector_machines-21.png> <a1,fr21>
<support_vector_machines-22.png, id=1919, 805.0075pt x 598.235pt>
File: support_vector_machines-22.png Graphic file (type png)
<use support_vector_machines-22.png>
Package pdftex.def Info: support_vector_machines-22.png  used on input line 157
.
(pdftex.def)             Requested size: 805.00555pt x 598.23354pt.
 <./support_vector_machines-22.png> <a1,fr22>
<support_vector_machines-23.png, id=1928, 805.0075pt x 598.235pt>
File: support_vector_machines-23.png Graphic file (type png)
<use support_vector_machines-23.png>
Package pdftex.def Info: support_vector_machines-23.png  used on input line 157
.
(pdftex.def)             Requested size: 805.00555pt x 598.23354pt.
 <./support_vector_machines-23.png> <a1,fr23>
<support_vector_machines-24.png, id=1937, 805.0075pt x 598.235pt>
File: support_vector_machines-24.png Graphic file (type png)
<use support_vector_machines-24.png>
Package pdftex.def Info: support_vector_machines-24.png  used on input line 157
.
(pdftex.def)             Requested size: 805.00555pt x 598.23354pt.
 <./support_vector_machines-24.png>
<a1,fr24>
<support_vector_machines-25.png, id=1946, 805.0075pt x 598.235pt>
File: support_vector_machines-25.png Graphic file (type png)
<use support_vector_machines-25.png>
Package pdftex.def Info: support_vector_machines-25.png  used on input line 157
.
(pdftex.def)             Requested size: 805.00555pt x 598.23354pt.
 <./support_vector_machines-25.png> <a1,fr25>
<support_vector_machines-26.png, id=1955, 805.0075pt x 598.235pt>
File: support_vector_machines-26.png Graphic file (type png)
<use support_vector_machines-26.png>
Package pdftex.def Info: support_vector_machines-26.png  used on input line 157
.
(pdftex.def)             Requested size: 805.00555pt x 598.23354pt.
 <./support_vector_machines-26.png> <a1,fr26>
<support_vector_machines-27.png, id=1964, 805.0075pt x 598.235pt>
File: support_vector_machines-27.png Graphic file (type png)
<use support_vector_machines-27.png>
Package pdftex.def Info: support_vector_machines-27.png  used on input line 157
.
(pdftex.def)             Requested size: 805.00555pt x 598.23354pt.
 <./support_vector_machines-27.png> <a1,fr27>
<support_vector_machines-28.png, id=1973, 805.0075pt x 598.235pt>
File: support_vector_machines-28.png Graphic file (type png)
<use support_vector_machines-28.png>
Package pdftex.def Info: support_vector_machines-28.png  used on input line 157
.
(pdftex.def)             Requested size: 805.00555pt x 598.23354pt.
 <./support_vector_machines-28.png> <a1,fr28>
<support_vector_machines-29.png, id=1982, 805.0075pt x 598.235pt>
File: support_vector_machines-29.png Graphic file (type png)
<use support_vector_machines-29.png>
Package pdftex.def Info: support_vector_machines-29.png  used on input line 157
.
(pdftex.def)             Requested size: 805.00555pt x 598.23354pt.
 <./support_vector_machines-29.png> <a1,fr29>
<support_vector_machines-30.png, id=1992, 805.0075pt x 598.235pt>
File: support_vector_machines-30.png Graphic file (type png)
<use support_vector_machines-30.png>
Package pdftex.def Info: support_vector_machines-30.png  used on input line 157
.
(pdftex.def)             Requested size: 805.00555pt x 598.23354pt.
 <./support_vector_machines-30.png> <a1,fr30>
<support_vector_machines-31.png, id=2001, 805.0075pt x 598.235pt>
File: support_vector_machines-31.png Graphic file (type png)
<use support_vector_machines-31.png>
Package pdftex.def Info: support_vector_machines-31.png  used on input line 157
.
(pdftex.def)             Requested size: 805.00555pt x 598.23354pt.
 <./support_vector_machines-31.png>
<a1,fr31>
<support_vector_machines-32.png, id=2010, 805.0075pt x 598.235pt>
File: support_vector_machines-32.png Graphic file (type png)
<use support_vector_machines-32.png>
Package pdftex.def Info: support_vector_machines-32.png  used on input line 157
.
(pdftex.def)             Requested size: 805.00555pt x 598.23354pt.
 <./support_vector_machines-32.png> <a1,fr32>
<support_vector_machines-33.png, id=2019, 805.0075pt x 598.235pt>
File: support_vector_machines-33.png Graphic file (type png)
<use support_vector_machines-33.png>
Package pdftex.def Info: support_vector_machines-33.png  used on input line 157
.
(pdftex.def)             Requested size: 805.00555pt x 598.23354pt.
 <./support_vector_machines-33.png> <a1,fr33>
<support_vector_machines-34.png, id=2028, 805.0075pt x 598.235pt>
File: support_vector_machines-34.png Graphic file (type png)
<use support_vector_machines-34.png>
Package pdftex.def Info: support_vector_machines-34.png  used on input line 157
.
(pdftex.def)             Requested size: 805.00555pt x 598.23354pt.
 <./support_vector_machines-34.png> <a1,fr34>
<support_vector_machines-35.png, id=2037, 805.0075pt x 598.235pt>
File: support_vector_machines-35.png Graphic file (type png)
<use support_vector_machines-35.png>
Package pdftex.def Info: support_vector_machines-35.png  used on input line 157
.
(pdftex.def)             Requested size: 805.00555pt x 598.23354pt.
 <./support_vector_machines-35.png> <a1,fr35>
<support_vector_machines-36.png, id=2046, 805.0075pt x 598.235pt>
File: support_vector_machines-36.png Graphic file (type png)
<use support_vector_machines-36.png>
Package pdftex.def Info: support_vector_machines-36.png  used on input line 157
.
(pdftex.def)             Requested size: 805.00555pt x 598.23354pt.
 <./support_vector_machines-36.png> <a1,fr36>
<support_vector_machines-37.png, id=2055, 805.0075pt x 598.235pt>
File: support_vector_machines-37.png Graphic file (type png)
<use support_vector_machines-37.png>
Package pdftex.def Info: support_vector_machines-37.png  used on input line 157
.
(pdftex.def)             Requested size: 805.00555pt x 598.23354pt.
 <./support_vector_machines-37.png> <a1,fr37>
<support_vector_machines-38.png, id=2064, 805.0075pt x 598.235pt>
File: support_vector_machines-38.png Graphic file (type png)
<use support_vector_machines-38.png>
Package pdftex.def Info: support_vector_machines-38.png  used on input line 157
.
(pdftex.def)             Requested size: 805.00555pt x 598.23354pt.
 <./support_vector_machines-38.png>
<a1,fr38>
<support_vector_machines-39.png, id=2073, 805.0075pt x 598.235pt>
File: support_vector_machines-39.png Graphic file (type png)
<use support_vector_machines-39.png>
Package pdftex.def Info: support_vector_machines-39.png  used on input line 157
.
(pdftex.def)             Requested size: 805.00555pt x 598.23354pt.
 <./support_vector_machines-39.png> <a1,fr39>
<support_vector_machines-40.png, id=2082, 805.0075pt x 598.235pt>
File: support_vector_machines-40.png Graphic file (type png)
<use support_vector_machines-40.png>
Package pdftex.def Info: support_vector_machines-40.png  used on input line 157
.
(pdftex.def)             Requested size: 805.00555pt x 598.23354pt.
 <./support_vector_machines-40.png> <a1,fr40>
Overfull \hbox (135.30057pt too wide) has occurred while \output is active
 [][][][] 
 []

[17

]
<deep.png, id=2186, 1577.895pt x 821.0675pt>
File: deep.png Graphic file (type png)
<use deep.png>
Package pdftex.def Info: deep.png  used on input line 166.
(pdftex.def)             Requested size: 236.67404pt x 123.1548pt.

Overfull \hbox (135.30057pt too wide) has occurred while \output is active
 [][][][] 
 []

[18

 <./deep.png (PNG copy)>] (./usp.toc)
Overfull \hbox (135.30057pt too wide) has occurred while \output is active
 [][][][] 
 []

[19

]
Overfull \hbox (135.30057pt too wide) has occurred while \output is active
 [][][][] 
 []

[20

]
Overfull \hbox (135.30057pt too wide) has occurred while \output is active
 [][][][] 
 []

[21

]
Overfull \hbox (135.30057pt too wide) has occurred while \output is active
 [][][][] 
 []

[22

] (./usp.toc)
Overfull \hbox (135.30057pt too wide) has occurred while \output is active
 [][][][] 
 []

[23

]
<messi_paper.png, id=2679, 1109.14375pt x 368.37625pt>
File: messi_paper.png Graphic file (type png)
<use messi_paper.png>
Package pdftex.def Info: messi_paper.png  used on input line 264.
(pdftex.def)             Requested size: 332.7457pt x 110.51372pt.

Overfull \hbox (25.45583pt too wide) in paragraph at lines 264--264
 [] 
 []


Overfull \hbox (135.30057pt too wide) has occurred while \output is active
 [][][][] 
 []

[24

 <./messi_paper.png>]
<./resu.png, id=2759, 796.9775pt x 597.23125pt>
File: ./resu.png Graphic file (type png)
<use ./resu.png>
Package pdftex.def Info: ./resu.png  used on input line 285.
(pdftex.def)             Requested size: 239.0951pt x 179.17075pt.

Overfull \hbox (135.30057pt too wide) has occurred while \output is active
 [][][][] 
 []

[25

 <./resu.png>]
Overfull \hbox (135.30057pt too wide) has occurred while \output is active
 [][][][] 
 []

[26

]
Overfull \hbox (135.30057pt too wide) has occurred while \output is active
 [][][][] 
 []

[27

]
Overfull \hbox (135.30057pt too wide) has occurred while \output is active
 [][][][] 
 []

[28

]
<./tree.png, id=3076, 435.87843pt x 482.55281pt>
File: ./tree.png Graphic file (type png)
<use ./tree.png>
Package pdftex.def Info: ./tree.png  used on input line 307.
(pdftex.def)             Requested size: 139.48395pt x 154.42004pt.

Overfull \hbox (135.30057pt too wide) has occurred while \output is active
 [][][][] 
 []

[29

 <./tree.png>]
<./roc_curves.png, id=3156, 505.89pt x 505.89pt>
File: ./roc_curves.png Graphic file (type png)
<use ./roc_curves.png>
Package pdftex.def Info: ./roc_curves.png  used on input line 329.
(pdftex.def)             Requested size: 151.76816pt x 151.76816pt.

Overfull \hbox (9.50438pt too wide) in paragraph at lines 329--329
 [] 
 []


Overfull \hbox (135.30057pt too wide) has occurred while \output is active
 [][][][] 
 []

[30

 <./roc_curves.png>]
<./treshold.png, id=3235, 505.89pt x 505.89pt>
File: ./treshold.png Graphic file (type png)
<use ./treshold.png>
Package pdftex.def Info: ./treshold.png  used on input line 339.
(pdftex.def)             Requested size: 151.76816pt x 151.76816pt.
<./ncluster.png, id=3236, 505.89pt x 505.89pt>
File: ./ncluster.png Graphic file (type png)
<use ./ncluster.png>
Package pdftex.def Info: ./ncluster.png  used on input line 339.
(pdftex.def)             Requested size: 151.76816pt x 151.76816pt.

Overfull \hbox (135.30057pt too wide) has occurred while \output is active
 [][][][] 
 []

[31

 <./treshold.png> <./ncluster.png>]
Overfull \hbox (135.30057pt too wide) has occurred while \output is active
 [][][][] 
 []

[32

]
Overfull \hbox (135.30057pt too wide) has occurred while \output is active
 [][][][] 
 []

[33

]
Overfull \hbox (135.30057pt too wide) has occurred while \output is active
 [][][][] 
 []

[34

]
Overfull \hbox (135.30057pt too wide) has occurred while \output is active
 [][][][] 
 []

[35

]
Overfull \hbox (135.30057pt too wide) has occurred while \output is active
 [][][][] 
 []

[36

]
Overfull \hbox (135.30057pt too wide) has occurred while \output is active
 [][][][] 
 []

[37

]
Overfull \hbox (135.30057pt too wide) has occurred while \output is active
 [][][][] 
 []

[38

]
Overfull \hbox (135.30057pt too wide) has occurred while \output is active
 [][][][] 
 []

[39

]
<messi_example.png, id=3948, 896.34875pt x 626.34pt>
File: messi_example.png Graphic file (type png)
<use messi_example.png>
Package pdftex.def Info: messi_example.png  used on input line 373.
(pdftex.def)             Requested size: 268.9067pt x 187.90344pt.

Overfull \hbox (135.30057pt too wide) has occurred while \output is active
 [][][][] 
 []

[40

 <./messi_example.png>] (./usp.toc)
Overfull \hbox (135.30057pt too wide) has occurred while \output is active
 [][][][] 
 []

[41

]
<a2029_paper.png, id=4118, 1233.60875pt x 490.83376pt>
File: a2029_paper.png Graphic file (type png)
<use a2029_paper.png>
Package pdftex.def Info: a2029_paper.png  used on input line 391.
(pdftex.def)             Requested size: 308.40143pt x 122.70813pt.

Overfull \hbox (1.11156pt too wide) in paragraph at lines 391--391
 [] 
 []


Overfull \hbox (135.30057pt too wide) has occurred while \output is active
 [][][][] 
 []

[42

 <./a2029_paper.png>]
<A2029-2033-eps-converted-to.pdf, id=4198, 1085.05376pt x 809.0225pt>
File: A2029-2033-eps-converted-to.pdf Graphic file (type pdf)
<use A2029-2033-eps-converted-to.pdf>
Package pdftex.def Info: A2029-2033-eps-converted-to.pdf  used on input line 40
3.
(pdftex.def)             Requested size: 271.26277pt x 202.25513pt.

Overfull \vbox (0.91457pt too high) detected at line 403
 []


Overfull \hbox (135.30057pt too wide) has occurred while \output is active
 [][][][] 
 []

[43

 <./A2029-2033-eps-converted-to.pdf>]
<A1204-eps-converted-to.pdf, id=4281, 1084.05pt x 807.015pt>
File: A1204-eps-converted-to.pdf Graphic file (type pdf)
<use A1204-eps-converted-to.pdf>
Package pdftex.def Info: A1204-eps-converted-to.pdf  used on input line 415.
(pdftex.def)             Requested size: 271.01184pt x 201.75325pt.

Overfull \hbox (135.30057pt too wide) has occurred while \output is active
 [][][][] 
 []

[44

 <./A1204-eps-converted-to.pdf>] (./usp.toc)
Overfull \hbox (135.30057pt too wide) has occurred while \output is active
 [][][][] 
 []

[45

]
<a267_paper.png, id=4455, 1010.77625pt x 326.21875pt>
File: a267_paper.png Graphic file (type png)
<use a267_paper.png>
Package pdftex.def Info: a267_paper.png  used on input line 430.
(pdftex.def)             Requested size: 323.455pt x 104.39212pt.

Overfull \hbox (16.16513pt too wide) in paragraph at lines 430--430
 [] 
 []


Overfull \hbox (135.30057pt too wide) has occurred while \output is active
 [][][][] 
 []

[46

 <./a267_paper.png>]
<redshift_angular.pdf, id=4535, 474.14456pt x 429.22571pt>
File: redshift_angular.pdf Graphic file (type pdf)
<use redshift_angular.pdf>
Package pdftex.def Info: redshift_angular.pdf  used on input line 438.
(pdftex.def)             Requested size: 132.75957pt x 120.18237pt.
<dstest_a267_1.png, id=4536, 430.7292pt x 315.0972pt>
File: dstest_a267_1.png Graphic file (type png)
<use dstest_a267_1.png>
Package pdftex.def Info: dstest_a267_1.png  used on input line 438.
(pdftex.def)             Requested size: 159.36731pt x 116.58412pt.

Overfull \hbox (135.30057pt too wide) has occurred while \output is active
 [][][][] 
 []

[47

 <./redshift_angular.pdf> <./dstest_a267_1.png>]
<a267_phasespace.png, id=4659, 421.3341pt x 324.4923pt>
File: a267_phasespace.png Graphic file (type png)
<use a267_phasespace.png>
Package pdftex.def Info: a267_phasespace.png  used on input line 458.
(pdftex.def)             Requested size: 181.17012pt x 139.52896pt.

Overfull \hbox (38.90634pt too wide) in paragraph at lines 458--458
 [] 
 []


Overfull \hbox (135.30057pt too wide) has occurred while \output is active
 [][][][] 
 []

[48

 <./a267_phasespace.png>] (./usp.toc)
Overfull \hbox (135.30057pt too wide) has occurred while \output is active
 [][][][] 
 []

[49

]
<magnetic_paper.png, id=4832, 906.38625pt x 246.9225pt>
File: magnetic_paper.png Graphic file (type png)
<use magnetic_paper.png>
Package pdftex.def Info: magnetic_paper.png  used on input line 473.
(pdftex.def)             Requested size: 362.54808pt x 98.76724pt.

Overfull \hbox (55.25821pt too wide) in paragraph at lines 473--473
 [] 
 []


Overfull \hbox (135.30057pt too wide) has occurred while \output is active
 [][][][] 
 []

[50

 <./magnetic_paper.png>]
<AngTay01.pdf, id=4912, 505.89pt x 505.89pt>
File: AngTay01.pdf Graphic file (type pdf)
<use AngTay01.pdf>
Package pdftex.def Info: AngTay01.pdf  used on input line 483.
(pdftex.def)             Requested size: 151.76816pt x 151.76816pt.
<ProTay01.pdf, id=4913, 505.89pt x 505.89pt>
File: ProTay01.pdf Graphic file (type pdf)
<use ProTay01.pdf>
Package pdftex.def Info: ProTay01.pdf  used on input line 483.
(pdftex.def)             Requested size: 151.76816pt x 151.76816pt.

Overfull \hbox (135.30057pt too wide) has occurred while \output is active
 [][][][] 
 []

[51

 <./AngTay01.pdf> <./ProTay01.pdf

pdfTeX warning: /usr/bin/pdflatex (file ./ProTay01.pdf): PDF inclusion: multipl
e pdfs with page group included in a single page
>]

Package hyperref Warning: Token not allowed in a PDF string (PDFDocEncoding):
(hyperref)                removing `math shift' on input line 485.


Package hyperref Warning: Token not allowed in a PDF string (PDFDocEncoding):
(hyperref)                removing `\gamma' on input line 485.


Package hyperref Warning: Token not allowed in a PDF string (PDFDocEncoding):
(hyperref)                removing `math shift' on input line 485.

(./usp.toc)
Overfull \hbox (135.30057pt too wide) has occurred while \output is active
 [][][][] 
 []

[52

]
<silk.png, id=5113, 1450.41875pt x 528.97626pt>
File: silk.png Graphic file (type png)
<use silk.png>
Package pdftex.def Info: silk.png  used on input line 509.
(pdftex.def)             Requested size: 261.0641pt x 95.21161pt.
Missing character: There is no  in font cmss8!
Missing character: There is no  in font cmss8!
Missing character: There is no  in font cmss8!

Overfull \hbox (135.30057pt too wide) has occurred while \output is active
 [][][][] 
 []

[53

 <./silk.png>]
<./sz_effect.jpg, id=5196, 963.6pt x 542.025pt>
File: ./sz_effect.jpg Graphic file (type jpg)
<use ./sz_effect.jpg>
Package pdftex.def Info: ./sz_effect.jpg  used on input line 518.
(pdftex.def)             Requested size: 337.26506pt x 189.71158pt.

Overfull \hbox (29.97519pt too wide) in paragraph at lines 518--518
 [] 
 []


Overfull \vbox (13.471pt too high) detected at line 518
 []


Overfull \hbox (135.30057pt too wide) has occurred while \output is active
 [][][][] 
 []

[54

 <./sz_effect.jpg>]
<gsz.pdf, id=5276, 264.99pt x 191.71625pt>
File: gsz.pdf Graphic file (type pdf)
<use gsz.pdf>
Package pdftex.def Info: gsz.pdf  used on input line 526.
(pdftex.def)             Requested size: 317.9864pt x 230.05833pt.

Overfull \hbox (10.69653pt too wide) in paragraph at lines 526--526
 [] 
 []


Overfull \vbox (13.98029pt too high) detected at line 526
 []


Overfull \hbox (135.30057pt too wide) has occurred while \output is active
 [][][][] 
 []

[55

 <./gsz.pdf>] (./usp.toc)
Overfull \hbox (135.30057pt too wide) has occurred while \output is active
 [][][][] 
 []

[56

]
Overfull \hbox (135.30057pt too wide) has occurred while \output is active
 [][][][] 
 []

[57

]
Overfull \hbox (135.30057pt too wide) has occurred while \output is active
 [][][][] 
 []

[58

]
Overfull \hbox (135.30057pt too wide) has occurred while \output is active
 [][][][] 
 []

[59

]
Overfull \hbox (135.30057pt too wide) has occurred while \output is active
 [][][][] 
 []

[60

]
Overfull \hbox (135.30057pt too wide) has occurred while \output is active
 [][][][] 
 []

[61

]
Overfull \hbox (135.30057pt too wide) has occurred while \output is active
 [][][][] 
 []

[62

]
Overfull \hbox (135.30057pt too wide) has occurred while \output is active
 [][][][] 
 []

[63

]
<./gracias2.png, id=6006, 534.49687pt x 298.11375pt>
File: ./gracias2.png Graphic file (type png)
<use ./gracias2.png>
Package pdftex.def Info: ./gracias2.png  used on input line 563.
(pdftex.def)             Requested size: 293.97418pt x 163.96306pt.

Overfull \hbox (135.30057pt too wide) has occurred while \output is active
 [][][][] 
 []

[64

 <./gracias2.png>]
\tf@nav=\write6
\openout6 = `usp.nav'.

\tf@toc=\write7
\openout7 = `usp.toc'.

\tf@snm=\write8
\openout8 = `usp.snm'.

Package atveryend Info: Empty hook `BeforeClearDocument' on input line 564.
Package atveryend Info: Empty hook `AfterLastShipout' on input line 564.
 (./usp.aux)
Package atveryend Info: Executing hook `AtVeryEndDocument' on input line 564.
Package atveryend Info: Executing hook `AtEndAfterFileList' on input line 564.
Package rerunfilecheck Info: File `usp.out' has not changed.
(rerunfilecheck)             Checksum: 11FA2802C26AB669E8B72FD759DAEF3B;819.
 ) 
Here is how much of TeX's memory you used:
 27143 strings out of 492982
 531065 string characters out of 6134895
 642192 words of memory out of 5000000
 29999 multiletter control sequences out of 15000+600000
 543704 words of font info for 70 fonts, out of 8000000 for 9000
 1141 hyphenation exceptions out of 8191
 56i,20n,63p,10409b,810s stack positions out of 5000i,500n,10000p,200000b,80000s
</usr/share/texlive/texmf-dist/fonts/type1/public/amsfonts/cm/cmmi10.pfb></us
r/share/texlive/texmf-dist/fonts/type1/public/amsfonts/cm/cmmi12.pfb></usr/shar
e/texlive/texmf-dist/fonts/type1/public/amsfonts/cm/cmmi6.pfb></usr/share/texli
ve/texmf-dist/fonts/type1/public/amsfonts/cm/cmmi8.pfb></usr/share/texlive/texm
f-dist/fonts/type1/public/amsfonts/cm/cmss10.pfb></usr/share/texlive/texmf-dist
/fonts/type1/public/amsfonts/cm/cmss12.pfb></usr/share/texlive/texmf-dist/fonts
/type1/public/amsfonts/cm/cmss8.pfb></usr/share/texlive/texmf-dist/fonts/type1/
public/amsfonts/cm/cmssbx10.pfb></usr/share/texlive/texmf-dist/fonts/type1/publ
ic/amsfonts/cm/cmssi10.pfb></usr/share/texlive/texmf-dist/fonts/type1/public/am
sfonts/cm/cmssi8.pfb></usr/share/texlive/texmf-dist/fonts/type1/public/amsfonts
/cm/cmsy10.pfb></usr/share/texlive/texmf-dist/fonts/type1/public/amsfonts/cm/cm
sy8.pfb></usr/share/texmf/fonts/type1/public/tex-gyre/qhvr.pfb></usr/share/texl
ive/texmf-dist/fonts/type1/urw/helvetic/uhvr8a.pfb></usr/share/texlive/texmf-di
st/fonts/type1/urw/symbol/usyr.pfb>
Output written on usp.pdf (64 pages, 5173858 bytes).
PDF statistics:
 6164 PDF objects out of 6186 (max. 8388607)
 5549 compressed objects within 56 object streams
 140 named destinations out of 1000 (max. 500000)
 1851 words of extra memory for PDF output out of 10000 (max. 10000000)

