This is pdfTeX, Version 3.1415926-2.5-1.40.14 (TeX Live 2013/Debian) (format=pdflatex 2014.4.23)  28 JUL 2015 20:51
entering extended mode
 restricted \write18 enabled.
 %&-line parsing enabled.
**final.tex
(./final.tex
LaTeX2e <2011/06/27>
Babel <3.9h> and hyphenation patterns for 78 languages loaded.
(/usr/share/texmf/tex/latex/beamer/base/beamer.cls
(/usr/share/texmf/tex/latex/beamer/base/beamerbasercs.sty
Package: beamerbasercs 2012/11/13 (rcs-revision cb16a617839f)
)
Document Class: beamer 2012/10/15 development version 3.24 A class for typesett
ing presentations (rcs-revision 24853e6b98cf)
(/usr/share/texmf/tex/latex/beamer/base/beamerbasemodes.sty
Package: beamerbasemodes 2012/04/15 (rcs-revision cc6557182d97)
\beamer@tempbox=\box26
\beamer@tempcount=\count79
\c@beamerpauses=\count80

(/usr/share/texmf/tex/latex/beamer/base/beamerbasedecode.sty
Package: beamerbasedecode 2010/05/01 (rcs-revision efa082c6111d)
\beamer@slideinframe=\count81
\beamer@minimum=\count82
)
\beamer@commentbox=\box27
\beamer@modecount=\count83
)
(/usr/share/texlive/texmf-dist/tex/generic/oberdiek/ifpdf.sty
Package: ifpdf 2011/01/30 v2.3 Provides the ifpdf switch (HO)
Package ifpdf Info: pdfTeX in PDF mode is detected.
)
\headheight=\dimen102
\headdp=\dimen103
\footheight=\dimen104
\sidebarheight=\dimen105
\beamer@tempdim=\dimen106
\beamer@finalheight=\dimen107
\beamer@animht=\dimen108
\beamer@animdp=\dimen109
\beamer@animwd=\dimen110
\beamer@leftmargin=\dimen111
\beamer@rightmargin=\dimen112
\beamer@leftsidebar=\dimen113
\beamer@rightsidebar=\dimen114
\beamer@boxsize=\dimen115
\beamer@vboxoffset=\dimen116
\beamer@descdefault=\dimen117
\beamer@descriptionwidth=\dimen118
\beamer@lastskip=\skip41
\beamer@areabox=\box28
\beamer@animcurrent=\box29
\beamer@animshowbox=\box30
\beamer@sectionbox=\box31
\beamer@logobox=\box32
\beamer@linebox=\box33
\beamer@sectioncount=\count84
\beamer@subsubsectionmax=\count85
\beamer@subsectionmax=\count86
\beamer@sectionmax=\count87
\beamer@totalheads=\count88
\beamer@headcounter=\count89
\beamer@partstartpage=\count90
\beamer@sectionstartpage=\count91
\beamer@subsectionstartpage=\count92
\beamer@animationtempa=\count93
\beamer@animationtempb=\count94
\beamer@xpos=\count95
\beamer@ypos=\count96
\beamer@showpartnumber=\count97
\beamer@currentsubsection=\count98
\beamer@coveringdepth=\count99
\beamer@sectionadjust=\count100
\beamer@tocsectionnumber=\count101

(/usr/share/texmf/tex/latex/beamer/base/beamerbaseoptions.sty
Package: beamerbaseoptions 2010/04/27 (rcs-revision 982469101dd6)

(/usr/share/texlive/texmf-dist/tex/latex/graphics/keyval.sty
Package: keyval 1999/03/16 v1.13 key=value parser (DPC)
\KV@toks@=\toks14
))
\beamer@paperwidth=\skip42
\beamer@paperheight=\skip43

(/usr/share/texlive/texmf-dist/tex/latex/geometry/geometry.sty
Package: geometry 2010/09/12 v5.6 Page Geometry

(/usr/share/texlive/texmf-dist/tex/generic/oberdiek/ifvtex.sty
Package: ifvtex 2010/03/01 v1.5 Detect VTeX and its facilities (HO)
Package ifvtex Info: VTeX not detected.
)
(/usr/share/texlive/texmf-dist/tex/generic/ifxetex/ifxetex.sty
Package: ifxetex 2010/09/12 v0.6 Provides ifxetex conditional
)
\Gm@cnth=\count102
\Gm@cntv=\count103
\c@Gm@tempcnt=\count104
\Gm@bindingoffset=\dimen119
\Gm@wd@mp=\dimen120
\Gm@odd@mp=\dimen121
\Gm@even@mp=\dimen122
\Gm@layoutwidth=\dimen123
\Gm@layoutheight=\dimen124
\Gm@layouthoffset=\dimen125
\Gm@layoutvoffset=\dimen126
\Gm@dimlist=\toks15
)
(/usr/share/texlive/texmf-dist/tex/latex/base/size11.clo
File: size11.clo 2007/10/19 v1.4h Standard LaTeX file (size option)
)
(/usr/share/texmf/tex/latex/pgf/basiclayer/pgfcore.sty
(/usr/share/texlive/texmf-dist/tex/latex/graphics/graphicx.sty
Package: graphicx 1999/02/16 v1.0f Enhanced LaTeX Graphics (DPC,SPQR)

(/usr/share/texlive/texmf-dist/tex/latex/graphics/graphics.sty
Package: graphics 2009/02/05 v1.0o Standard LaTeX Graphics (DPC,SPQR)

(/usr/share/texlive/texmf-dist/tex/latex/graphics/trig.sty
Package: trig 1999/03/16 v1.09 sin cos tan (DPC)
)
(/usr/share/texlive/texmf-dist/tex/latex/latexconfig/graphics.cfg
File: graphics.cfg 2010/04/23 v1.9 graphics configuration of TeX Live
)
Package graphics Info: Driver file: pdftex.def on input line 91.

(/usr/share/texlive/texmf-dist/tex/latex/pdftex-def/pdftex.def
File: pdftex.def 2011/05/27 v0.06d Graphics/color for pdfTeX

(/usr/share/texlive/texmf-dist/tex/generic/oberdiek/infwarerr.sty
Package: infwarerr 2010/04/08 v1.3 Providing info/warning/error messages (HO)
)
(/usr/share/texlive/texmf-dist/tex/generic/oberdiek/ltxcmds.sty
Package: ltxcmds 2011/11/09 v1.22 LaTeX kernel commands for general use (HO)
)
\Gread@gobject=\count105
))
\Gin@req@height=\dimen127
\Gin@req@width=\dimen128
)
(/usr/share/texmf/tex/latex/pgf/systemlayer/pgfsys.sty
(/usr/share/texmf/tex/latex/pgf/utilities/pgfrcs.sty
(/usr/share/texmf/tex/generic/pgf/utilities/pgfutil-common.tex
\pgfutil@everybye=\toks16
)
(/usr/share/texmf/tex/generic/pgf/utilities/pgfutil-latex.def
\pgfutil@abb=\box34

(/usr/share/texlive/texmf-dist/tex/latex/ms/everyshi.sty
Package: everyshi 2001/05/15 v3.00 EveryShipout Package (MS)
))
(/usr/share/texmf/tex/generic/pgf/utilities/pgfrcs.code.tex
Package: pgfrcs 2010/10/25 v2.10 (rcs-revision 1.24)
))
(/usr/share/texmf/tex/generic/pgf/systemlayer/pgfsys.code.tex
Package: pgfsys 2010/06/30 v2.10 (rcs-revision 1.37)

(/usr/share/texmf/tex/generic/pgf/utilities/pgfkeys.code.tex
\pgfkeys@pathtoks=\toks17
\pgfkeys@temptoks=\toks18

(/usr/share/texmf/tex/generic/pgf/utilities/pgfkeysfiltered.code.tex
\pgfkeys@tmptoks=\toks19
))
\pgf@x=\dimen129
\pgf@y=\dimen130
\pgf@xa=\dimen131
\pgf@ya=\dimen132
\pgf@xb=\dimen133
\pgf@yb=\dimen134
\pgf@xc=\dimen135
\pgf@yc=\dimen136
\w@pgf@writea=\write3
\r@pgf@reada=\read1
\c@pgf@counta=\count106
\c@pgf@countb=\count107
\c@pgf@countc=\count108
\c@pgf@countd=\count109

(/usr/share/texmf/tex/generic/pgf/systemlayer/pgf.cfg
File: pgf.cfg 2008/05/14  (rcs-revision 1.7)
)
Package pgfsys Info: Driver file for pgf: pgfsys-pdftex.def on input line 900.

(/usr/share/texmf/tex/generic/pgf/systemlayer/pgfsys-pdftex.def
File: pgfsys-pdftex.def 2009/05/22  (rcs-revision 1.26)

(/usr/share/texmf/tex/generic/pgf/systemlayer/pgfsys-common-pdf.def
File: pgfsys-common-pdf.def 2008/05/19  (rcs-revision 1.10)
)))
(/usr/share/texmf/tex/generic/pgf/systemlayer/pgfsyssoftpath.code.tex
File: pgfsyssoftpath.code.tex 2008/07/18  (rcs-revision 1.7)
\pgfsyssoftpath@smallbuffer@items=\count110
\pgfsyssoftpath@bigbuffer@items=\count111
)
(/usr/share/texmf/tex/generic/pgf/systemlayer/pgfsysprotocol.code.tex
File: pgfsysprotocol.code.tex 2006/10/16  (rcs-revision 1.4)
))
(/usr/share/texmf/tex/latex/xcolor/xcolor.sty
Package: xcolor 2007/01/21 v2.11 LaTeX color extensions (UK)

(/usr/share/texlive/texmf-dist/tex/latex/latexconfig/color.cfg
File: color.cfg 2007/01/18 v1.5 color configuration of teTeX/TeXLive
)
Package xcolor Info: Driver file: pdftex.def on input line 225.
Package xcolor Info: Model `cmy' substituted by `cmy0' on input line 1337.
Package xcolor Info: Model `hsb' substituted by `rgb' on input line 1341.
Package xcolor Info: Model `RGB' extended on input line 1353.
Package xcolor Info: Model `HTML' substituted by `rgb' on input line 1355.
Package xcolor Info: Model `Hsb' substituted by `hsb' on input line 1356.
Package xcolor Info: Model `tHsb' substituted by `hsb' on input line 1357.
Package xcolor Info: Model `HSB' substituted by `hsb' on input line 1358.
Package xcolor Info: Model `Gray' substituted by `gray' on input line 1359.
Package xcolor Info: Model `wave' substituted by `hsb' on input line 1360.
)
(/usr/share/texmf/tex/generic/pgf/basiclayer/pgfcore.code.tex
Package: pgfcore 2010/04/11 v2.10 (rcs-revision 1.7)

(/usr/share/texmf/tex/generic/pgf/math/pgfmath.code.tex
(/usr/share/texmf/tex/generic/pgf/math/pgfmathcalc.code.tex
(/usr/share/texmf/tex/generic/pgf/math/pgfmathutil.code.tex)
(/usr/share/texmf/tex/generic/pgf/math/pgfmathparser.code.tex
\pgfmath@dimen=\dimen137
\pgfmath@count=\count112
\pgfmath@box=\box35
\pgfmath@toks=\toks20
\pgfmath@stack@operand=\toks21
\pgfmath@stack@operation=\toks22
)
(/usr/share/texmf/tex/generic/pgf/math/pgfmathfunctions.code.tex
(/usr/share/texmf/tex/generic/pgf/math/pgfmathfunctions.basic.code.tex)
(/usr/share/texmf/tex/generic/pgf/math/pgfmathfunctions.trigonometric.code.tex)
(/usr/share/texmf/tex/generic/pgf/math/pgfmathfunctions.random.code.tex)
(/usr/share/texmf/tex/generic/pgf/math/pgfmathfunctions.comparison.code.tex)
(/usr/share/texmf/tex/generic/pgf/math/pgfmathfunctions.base.code.tex)
(/usr/share/texmf/tex/generic/pgf/math/pgfmathfunctions.round.code.tex)
(/usr/share/texmf/tex/generic/pgf/math/pgfmathfunctions.misc.code.tex)))
(/usr/share/texmf/tex/generic/pgf/math/pgfmathfloat.code.tex
\c@pgfmathroundto@lastzeros=\count113
))
(/usr/share/texmf/tex/generic/pgf/basiclayer/pgfcorepoints.code.tex
File: pgfcorepoints.code.tex 2010/04/09  (rcs-revision 1.20)
\pgf@picminx=\dimen138
\pgf@picmaxx=\dimen139
\pgf@picminy=\dimen140
\pgf@picmaxy=\dimen141
\pgf@pathminx=\dimen142
\pgf@pathmaxx=\dimen143
\pgf@pathminy=\dimen144
\pgf@pathmaxy=\dimen145
\pgf@xx=\dimen146
\pgf@xy=\dimen147
\pgf@yx=\dimen148
\pgf@yy=\dimen149
\pgf@zx=\dimen150
\pgf@zy=\dimen151
)
(/usr/share/texmf/tex/generic/pgf/basiclayer/pgfcorepathconstruct.code.tex
File: pgfcorepathconstruct.code.tex 2010/08/03  (rcs-revision 1.24)
\pgf@path@lastx=\dimen152
\pgf@path@lasty=\dimen153
)
(/usr/share/texmf/tex/generic/pgf/basiclayer/pgfcorepathusage.code.tex
File: pgfcorepathusage.code.tex 2008/04/22  (rcs-revision 1.12)
\pgf@shorten@end@additional=\dimen154
\pgf@shorten@start@additional=\dimen155
)
(/usr/share/texmf/tex/generic/pgf/basiclayer/pgfcorescopes.code.tex
File: pgfcorescopes.code.tex 2010/09/08  (rcs-revision 1.34)
\pgfpic=\box36
\pgf@hbox=\box37
\pgf@layerbox@main=\box38
\pgf@picture@serial@count=\count114
)
(/usr/share/texmf/tex/generic/pgf/basiclayer/pgfcoregraphicstate.code.tex
File: pgfcoregraphicstate.code.tex 2008/04/22  (rcs-revision 1.9)
\pgflinewidth=\dimen156
)
(/usr/share/texmf/tex/generic/pgf/basiclayer/pgfcoretransformations.code.tex
File: pgfcoretransformations.code.tex 2009/06/10  (rcs-revision 1.11)
\pgf@pt@x=\dimen157
\pgf@pt@y=\dimen158
\pgf@pt@temp=\dimen159
)
(/usr/share/texmf/tex/generic/pgf/basiclayer/pgfcorequick.code.tex
File: pgfcorequick.code.tex 2008/10/09  (rcs-revision 1.3)
)
(/usr/share/texmf/tex/generic/pgf/basiclayer/pgfcoreobjects.code.tex
File: pgfcoreobjects.code.tex 2006/10/11  (rcs-revision 1.2)
)
(/usr/share/texmf/tex/generic/pgf/basiclayer/pgfcorepathprocessing.code.tex
File: pgfcorepathprocessing.code.tex 2008/10/09  (rcs-revision 1.8)
)
(/usr/share/texmf/tex/generic/pgf/basiclayer/pgfcorearrows.code.tex
File: pgfcorearrows.code.tex 2008/04/23  (rcs-revision 1.11)
)
(/usr/share/texmf/tex/generic/pgf/basiclayer/pgfcoreshade.code.tex
File: pgfcoreshade.code.tex 2008/11/23  (rcs-revision 1.13)
\pgf@max=\dimen160
\pgf@sys@shading@range@num=\count115
)
(/usr/share/texmf/tex/generic/pgf/basiclayer/pgfcoreimage.code.tex
File: pgfcoreimage.code.tex 2010/03/25  (rcs-revision 1.16)

(/usr/share/texmf/tex/generic/pgf/basiclayer/pgfcoreexternal.code.tex
File: pgfcoreexternal.code.tex 2010/09/01  (rcs-revision 1.17)
\pgfexternal@startupbox=\box39
))
(/usr/share/texmf/tex/generic/pgf/basiclayer/pgfcorelayers.code.tex
File: pgfcorelayers.code.tex 2010/08/27  (rcs-revision 1.2)
)
(/usr/share/texmf/tex/generic/pgf/basiclayer/pgfcoretransparency.code.tex
File: pgfcoretransparency.code.tex 2008/01/17  (rcs-revision 1.2)
)
(/usr/share/texmf/tex/generic/pgf/basiclayer/pgfcorepatterns.code.tex
File: pgfcorepatterns.code.tex 2009/07/02  (rcs-revision 1.3)
)))
(/usr/share/texmf/tex/latex/pgf/utilities/xxcolor.sty
Package: xxcolor 2003/10/24 ver 0.1
\XC@nummixins=\count116
\XC@countmixins=\count117
)
(/usr/share/texlive/texmf-dist/tex/latex/hyperref/hyperref.sty
Package: hyperref 2012/11/06 v6.83m Hypertext links for LaTeX

(/usr/share/texlive/texmf-dist/tex/generic/oberdiek/hobsub-hyperref.sty
Package: hobsub-hyperref 2012/05/28 v1.13 Bundle oberdiek, subset hyperref (HO)


(/usr/share/texlive/texmf-dist/tex/generic/oberdiek/hobsub-generic.sty
Package: hobsub-generic 2012/05/28 v1.13 Bundle oberdiek, subset generic (HO)
Package: hobsub 2012/05/28 v1.13 Construct package bundles (HO)
Package hobsub Info: Skipping package `infwarerr' (already loaded).
Package hobsub Info: Skipping package `ltxcmds' (already loaded).
Package: ifluatex 2010/03/01 v1.3 Provides the ifluatex switch (HO)
Package ifluatex Info: LuaTeX not detected.
Package hobsub Info: Skipping package `ifvtex' (already loaded).
Package: intcalc 2007/09/27 v1.1 Expandable calculations with integers (HO)
Package hobsub Info: Skipping package `ifpdf' (already loaded).
Package: etexcmds 2011/02/16 v1.5 Avoid name clashes with e-TeX commands (HO)
Package etexcmds Info: Could not find \expanded.
(etexcmds)             That can mean that you are not using pdfTeX 1.50 or
(etexcmds)             that some package has redefined \expanded.
(etexcmds)             In the latter case, load this package earlier.
Package: kvsetkeys 2012/04/25 v1.16 Key value parser (HO)
Package: kvdefinekeys 2011/04/07 v1.3 Define keys (HO)
Package: pdftexcmds 2011/11/29 v0.20 Utility functions of pdfTeX for LuaTeX (HO
)
Package pdftexcmds Info: LuaTeX not detected.
Package pdftexcmds Info: \pdf@primitive is available.
Package pdftexcmds Info: \pdf@ifprimitive is available.
Package pdftexcmds Info: \pdfdraftmode found.
Package: pdfescape 2011/11/25 v1.13 Implements pdfTeX's escape features (HO)
Package: bigintcalc 2012/04/08 v1.3 Expandable calculations on big integers (HO
)
Package: bitset 2011/01/30 v1.1 Handle bit-vector datatype (HO)
Package: uniquecounter 2011/01/30 v1.2 Provide unlimited unique counter (HO)
)
Package hobsub Info: Skipping package `hobsub' (already loaded).
Package: letltxmacro 2010/09/02 v1.4 Let assignment for LaTeX macros (HO)
Package: hopatch 2012/05/28 v1.2 Wrapper for package hooks (HO)
Package: xcolor-patch 2011/01/30 xcolor patch
Package: atveryend 2011/06/30 v1.8 Hooks at the very end of document (HO)
Package atveryend Info: \enddocument detected (standard20110627).
Package: atbegshi 2011/10/05 v1.16 At begin shipout hook (HO)
Package: refcount 2011/10/16 v3.4 Data extraction from label references (HO)
Package: hycolor 2011/01/30 v1.7 Color options for hyperref/bookmark (HO)
)
(/usr/share/texlive/texmf-dist/tex/latex/oberdiek/auxhook.sty
Package: auxhook 2011/03/04 v1.3 Hooks for auxiliary files (HO)
)
(/usr/share/texlive/texmf-dist/tex/latex/oberdiek/kvoptions.sty
Package: kvoptions 2011/06/30 v3.11 Key value format for package options (HO)
)
\@linkdim=\dimen161
\Hy@linkcounter=\count118
\Hy@pagecounter=\count119

(/usr/share/texlive/texmf-dist/tex/latex/hyperref/pd1enc.def
File: pd1enc.def 2012/11/06 v6.83m Hyperref: PDFDocEncoding definition (HO)
)
\Hy@SavedSpaceFactor=\count120

(/usr/share/texlive/texmf-dist/tex/latex/latexconfig/hyperref.cfg
File: hyperref.cfg 2002/06/06 v1.2 hyperref configuration of TeXLive
)
Package hyperref Info: Option `bookmarks' set `true' on input line 4319.
Package hyperref Info: Option `bookmarksopen' set `true' on input line 4319.
Package hyperref Info: Option `implicit' set `false' on input line 4319.
Package hyperref Info: Hyper figures OFF on input line 4443.
Package hyperref Info: Link nesting OFF on input line 4448.
Package hyperref Info: Hyper index ON on input line 4451.
Package hyperref Info: Plain pages OFF on input line 4458.
Package hyperref Info: Backreferencing OFF on input line 4463.
Package hyperref Info: Implicit mode OFF; no redefinition of LaTeX internals.
Package hyperref Info: Bookmarks ON on input line 4688.
\c@Hy@tempcnt=\count121

(/usr/share/texlive/texmf-dist/tex/latex/url/url.sty
\Urlmuskip=\muskip10
Package: url 2013/09/16  ver 3.4  Verb mode for urls, etc.
)
LaTeX Info: Redefining \url on input line 5041.
\XeTeXLinkMargin=\dimen162
\Fld@menulength=\count122
\Field@Width=\dimen163
\Fld@charsize=\dimen164
Package hyperref Info: Hyper figures OFF on input line 6295.
Package hyperref Info: Link nesting OFF on input line 6300.
Package hyperref Info: Hyper index ON on input line 6303.
Package hyperref Info: backreferencing OFF on input line 6310.
Package hyperref Info: Link coloring OFF on input line 6315.
Package hyperref Info: Link coloring with OCG OFF on input line 6320.
Package hyperref Info: PDF/A mode OFF on input line 6325.
LaTeX Info: Redefining \ref on input line 6365.
LaTeX Info: Redefining \pageref on input line 6369.
\Hy@abspage=\count123


Package hyperref Message: Stopped early.

)

Package hyperref Message: Driver (autodetected): hpdftex.

(/usr/share/texlive/texmf-dist/tex/latex/hyperref/hpdftex.def
File: hpdftex.def 2012/11/06 v6.83m Hyperref driver for pdfTeX
\Fld@listcount=\count124
\c@bookmark@seq@number=\count125

(/usr/share/texlive/texmf-dist/tex/latex/oberdiek/rerunfilecheck.sty
Package: rerunfilecheck 2011/04/15 v1.7 Rerun checks for auxiliary files (HO)
Package uniquecounter Info: New unique counter `rerunfilecheck' on input line 2
82.
))
(/usr/share/texmf/tex/latex/beamer/base/beamerbaserequires.sty
Package: beamerbaserequires 2010/05/01  (rcs-revision efa082c6111d)

(/usr/share/texmf/tex/latex/beamer/base/beamerbasecompatibility.sty
Package: beamerbasecompatibility 2012/05/01  (rcs-revision 67c48b3b652d)
)
(/usr/share/texmf/tex/latex/beamer/base/beamerbasefont.sty
Package: beamerbasefont 2012/09/19  (rcs-revision 733629cd0c6c)

(/usr/share/texlive/texmf-dist/tex/latex/amsfonts/amssymb.sty
Package: amssymb 2013/01/14 v3.01 AMS font symbols

(/usr/share/texlive/texmf-dist/tex/latex/amsfonts/amsfonts.sty
Package: amsfonts 2013/01/14 v3.01 Basic AMSFonts support
\@emptytoks=\toks23
\symAMSa=\mathgroup4
\symAMSb=\mathgroup5
LaTeX Font Info:    Overwriting math alphabet `\mathfrak' in version `bold'
(Font)                  U/euf/m/n --> U/euf/b/n on input line 106.
)))
(/usr/share/texmf/tex/latex/beamer/base/beamerbasetranslator.sty
Package: beamerbasetranslator 2010/06/11  (rcs-revision 85fd1cc7fc42)

(/usr/share/texmf/tex/latex/beamer/base/translator/translator.sty
Package: translator 2010/06/12 ver 1.10

(/usr/share/texmf/tex/latex/beamer/base/translator/translator-language-mappings
.tex))) (/usr/share/texmf/tex/latex/beamer/base/beamerbasemisc.sty
Package: beamerbasemisc 2012/02/24  (rcs-revision 2ff5461be705)
)
(/usr/share/texmf/tex/latex/beamer/base/beamerbasetwoscreens.sty
Package: beamerbasetwoscreens 2010/05/01  (rcs-revision efa082c6111d)
)
(/usr/share/texmf/tex/latex/beamer/base/beamerbaseoverlay.sty
Package: beamerbaseoverlay 2012/11/11  (rcs-revision 6afbc49b1109)
\beamer@argscount=\count126
\beamer@lastskipcover=\skip44
\beamer@trivlistdepth=\count127
)
(/usr/share/texmf/tex/latex/beamer/base/beamerbasetitle.sty
Package: beamerbasetitle 2010/09/21  (rcs-revision f0446ed0b6ae)
)
(/usr/share/texmf/tex/latex/beamer/base/beamerbasesection.sty
Package: beamerbasesection 2012/11/11  (rcs-revision 0056eef6f17f)
\c@lecture=\count128
\c@part=\count129
\c@section=\count130
\c@subsection=\count131
\c@subsubsection=\count132
)
(/usr/share/texmf/tex/latex/beamer/base/beamerbaseframe.sty
Package: beamerbaseframe 2012/09/13  (rcs-revision dcd846607320)
\beamer@framebox=\box40
\beamer@frametitlebox=\box41
\beamer@zoombox=\box42
\beamer@zoomcount=\count133
\beamer@zoomframecount=\count134
\beamer@frametextheight=\dimen165
\c@subsectionslide=\count135
\beamer@frametopskip=\skip45
\beamer@framebottomskip=\skip46
\beamer@frametopskipautobreak=\skip47
\beamer@framebottomskipautobreak=\skip48
\beamer@envbody=\toks24
\framewidth=\dimen166
\c@framenumber=\count136
)
(/usr/share/texmf/tex/latex/beamer/base/beamerbaseverbatim.sty
Package: beamerbaseverbatim 2012/08/30  (rcs-revision dfdb135076b3)
\beamer@verbatimfileout=\write4
)
(/usr/share/texmf/tex/latex/beamer/base/beamerbaseframesize.sty
Package: beamerbaseframesize 2011/09/12  (rcs-revision 70f9d8411e54)
\beamer@splitbox=\box43
\beamer@autobreakcount=\count137
\beamer@autobreaklastheight=\dimen167
\beamer@frametitletoks=\toks25
\beamer@framesubtitletoks=\toks26
)
(/usr/share/texmf/tex/latex/beamer/base/beamerbaseframecomponents.sty
Package: beamerbaseframecomponents 2012/09/13  (rcs-revision dcd846607320)
\beamer@footins=\box44
)
(/usr/share/texmf/tex/latex/beamer/base/beamerbasecolor.sty
Package: beamerbasecolor 2010/06/06  (rcs-revision d1a9b48be06d)
)
(/usr/share/texmf/tex/latex/beamer/base/beamerbasenotes.sty
Package: beamerbasenotes 2010/05/01  (rcs-revision efa082c6111d)
\beamer@frameboxcopy=\box45
)
(/usr/share/texmf/tex/latex/beamer/base/beamerbasetoc.sty
Package: beamerbasetoc 2012/10/02  (rcs-revision 5ed0f4010e8a)
)
(/usr/share/texmf/tex/latex/beamer/base/beamerbasetemplates.sty
Package: beamerbasetemplates 2010/05/01  (rcs-revision efa082c6111d)
\beamer@sbttoks=\toks27

(/usr/share/texmf/tex/latex/beamer/base/beamerbaseauxtemplates.sty
Package: beamerbaseauxtemplates 2012/05/01  (rcs-revision 67c48b3b652d)

(/usr/share/texmf/tex/latex/beamer/base/beamerbaseboxes.sty
Package: beamerbaseboxes 2012/05/13  (rcs-revision 56972908a390)
\bmb@box=\box46
\bmb@colorbox=\box47
\bmb@boxshadow=\box48
\bmb@boxshadowball=\box49
\bmb@boxshadowballlarge=\box50
\bmb@temp=\dimen168
\bmb@dima=\dimen169
\bmb@dimb=\dimen170
\bmb@prevheight=\dimen171
)
\beamer@blockheadheight=\dimen172
))
(/usr/share/texmf/tex/latex/beamer/base/beamerbaselocalstructure.sty
Package: beamerbaselocalstructure 2012/11/13  (rcs-revision ddfba79dac19)

(/usr/share/texlive/texmf-dist/tex/latex/tools/enumerate.sty
Package: enumerate 1999/03/05 v3.00 enumerate extensions (DPC)
\@enLab=\toks28
)
\c@figure=\count138
\c@table=\count139
\abovecaptionskip=\skip49
\belowcaptionskip=\skip50
)
(/usr/share/texmf/tex/latex/beamer/base/beamerbasenavigation.sty
Package: beamerbasenavigation 2012/04/03  (rcs-revision 42a0f21a412d)
\beamer@section@min@dim=\dimen173
)
(/usr/share/texmf/tex/latex/beamer/base/beamerbasetheorems.sty
Package: beamerbasetheorems 2010/06/06  (rcs-revision 7e7cc5e53e9d)

(/usr/share/texlive/texmf-dist/tex/latex/amsmath/amsmath.sty
Package: amsmath 2013/01/14 v2.14 AMS math features
\@mathmargin=\skip51

For additional information on amsmath, use the `?' option.
(/usr/share/texlive/texmf-dist/tex/latex/amsmath/amstext.sty
Package: amstext 2000/06/29 v2.01

(/usr/share/texlive/texmf-dist/tex/latex/amsmath/amsgen.sty
File: amsgen.sty 1999/11/30 v2.0
\@emptytoks=\toks29
\ex@=\dimen174
))
(/usr/share/texlive/texmf-dist/tex/latex/amsmath/amsbsy.sty
Package: amsbsy 1999/11/29 v1.2d
\pmbraise@=\dimen175
)
(/usr/share/texlive/texmf-dist/tex/latex/amsmath/amsopn.sty
Package: amsopn 1999/12/14 v2.01 operator names
)
\inf@bad=\count140
LaTeX Info: Redefining \frac on input line 210.
\uproot@=\count141
\leftroot@=\count142
LaTeX Info: Redefining \overline on input line 306.
\classnum@=\count143
\DOTSCASE@=\count144
LaTeX Info: Redefining \ldots on input line 378.
LaTeX Info: Redefining \dots on input line 381.
LaTeX Info: Redefining \cdots on input line 466.
\Mathstrutbox@=\box51
\strutbox@=\box52
\big@size=\dimen176
LaTeX Font Info:    Redeclaring font encoding OML on input line 566.
LaTeX Font Info:    Redeclaring font encoding OMS on input line 567.
\macc@depth=\count145
\c@MaxMatrixCols=\count146
\dotsspace@=\muskip11
\c@parentequation=\count147
\dspbrk@lvl=\count148
\tag@help=\toks30
\row@=\count149
\column@=\count150
\maxfields@=\count151
\andhelp@=\toks31
\eqnshift@=\dimen177
\alignsep@=\dimen178
\tagshift@=\dimen179
\tagwidth@=\dimen180
\totwidth@=\dimen181
\lineht@=\dimen182
\@envbody=\toks32
\multlinegap=\skip52
\multlinetaggap=\skip53
\mathdisplay@stack=\toks33
LaTeX Info: Redefining \[ on input line 2665.
LaTeX Info: Redefining \] on input line 2666.
)
(/usr/share/texlive/texmf-dist/tex/latex/amscls/amsthm.sty
Package: amsthm 2004/08/06 v2.20
\thm@style=\toks34
\thm@bodyfont=\toks35
\thm@headfont=\toks36
\thm@notefont=\toks37
\thm@headpunct=\toks38
\thm@preskip=\skip54
\thm@postskip=\skip55
\thm@headsep=\skip56
\dth@everypar=\toks39
)
\c@theorem=\count152
)
(/usr/share/texmf/tex/latex/beamer/base/beamerbasethemes.sty
Package: beamerbasethemes 2010/05/01  (rcs-revision efa082c6111d)
))
(/usr/share/texmf/tex/latex/beamer/base/themes/theme/beamerthemedefault.sty
Package: beamerthemedefault 2010/06/17  (rcs-revision d02a7cf4d8ae)

(/usr/share/texmf/tex/latex/beamer/base/themes/font/beamerfontthemedefault.sty
Package: beamerfontthemedefault 2010/06/17  (rcs-revision d02a7cf4d8ae)
)
(/usr/share/texmf/tex/latex/beamer/base/themes/color/beamercolorthemedefault.st
y
Package: beamercolorthemedefault 2010/06/17  (rcs-revision d02a7cf4d8ae)
)
(/usr/share/texmf/tex/latex/beamer/base/themes/inner/beamerinnerthemedefault.st
y
Package: beamerinnerthemedefault 2012/05/01  (rcs-revision 67c48b3b652d)
\beamer@dima=\dimen183
\beamer@dimb=\dimen184
)
(/usr/share/texmf/tex/latex/beamer/base/themes/outer/beamerouterthemedefault.st
y
Package: beamerouterthemedefault 2012/10/02  (rcs-revision 5ed0f4010e8a)
)))
(/usr/share/texmf/tex/latex/beamer/base/themes/theme/compatibility/beamerthemes
plit.sty
Package: beamerthemesplit 2010/06/17  (rcs-revision d02a7cf4d8ae)

(/usr/share/texmf/tex/latex/beamer/base/themes/color/beamercolorthemewhale.sty
Package: beamercolorthemewhale 2010/06/17  (rcs-revision d02a7cf4d8ae)
) (/usr/share/texmf/tex/latex/beamer/base/themes/outer/beamerouterthemesplit.st
y
Package: beamerouterthemesplit 2012/10/16  (rcs-revision 51a8c72084af)
)
(/usr/share/texmf/tex/latex/beamer/base/themes/font/beamerfontthemestructurebol
d.sty
Package: beamerfontthemestructurebold 2010/06/17  (rcs-revision d02a7cf4d8ae)
)) (/usr/share/texmf/tex/latex/beamer/base/multimedia/multimedia.sty
Package: multimedia 2012/05/02 ver 0.02
\mm@movie=\count153
)
(/usr/share/texlive/texmf-dist/tex/generic/babel/babel.sty
Package: babel 2013/12/03 3.9h The Babel package

(/usr/share/texlive/texmf-dist/tex/generic/babel-spanish/spanish.ldf
Language: spanish.ldf 2014/01/29 v5.0m Spanish support from the babel system

(/usr/share/texlive/texmf-dist/tex/generic/babel/babel.def
File: babel.def 2013/12/03 3.9h Babel common definitions
LaTeX Info: Redefining \textlatin on input line 137.
\babel@savecnt=\count154
\U@D=\dimen185
)
\es@datefmt=\count155
\es@quottoks=\toks40
\es@quotdepth=\count156
Package babel Info: Making " an active character on input line 496.
Package babel Info: Making . an active character on input line 599.
Package babel Info: Making < an active character on input line 644.
Package babel Info: Making > an active character on input line 644.
))
(/usr/share/texmf/tex/latex/beamer/base/themes/theme/beamerthemeFrankfurt.sty
Package: beamerthemeFrankfurt 2010/06/17  (rcs-revision d02a7cf4d8ae)

(/usr/share/texmf/tex/latex/beamer/base/themes/outer/beamerouterthemesmoothbars
.sty
Package: beamerouterthemesmoothbars 2010/06/17  (rcs-revision d02a7cf4d8ae)
)
(/usr/share/texmf/tex/latex/beamer/base/themes/inner/beamerinnerthemerounded.st
y
Package: beamerinnerthemerounded 2010/06/17  (rcs-revision d02a7cf4d8ae)
)
(/usr/share/texmf/tex/latex/beamer/base/themes/color/beamercolorthemeorchid.sty
Package: beamercolorthemeorchid 2010/06/17  (rcs-revision d02a7cf4d8ae)
)) (./final.aux
LaTeX Info: Redefining \. on input line 25.
LaTeX Info: Redefining \% on input line 25.
)
\openout1 = `final.aux'.

LaTeX Font Info:    Checking defaults for OML/cmm/m/it on input line 14.
LaTeX Font Info:    ... okay on input line 14.
LaTeX Font Info:    Checking defaults for T1/cmr/m/n on input line 14.
LaTeX Font Info:    ... okay on input line 14.
LaTeX Font Info:    Checking defaults for OT1/cmr/m/n on input line 14.
LaTeX Font Info:    ... okay on input line 14.
LaTeX Font Info:    Checking defaults for OMS/cmsy/m/n on input line 14.
LaTeX Font Info:    ... okay on input line 14.
LaTeX Font Info:    Checking defaults for OMX/cmex/m/n on input line 14.
LaTeX Font Info:    ... okay on input line 14.
LaTeX Font Info:    Checking defaults for U/cmr/m/n on input line 14.
LaTeX Font Info:    ... okay on input line 14.
LaTeX Font Info:    Checking defaults for PD1/pdf/m/n on input line 14.
LaTeX Font Info:    ... okay on input line 14.

*geometry* driver: auto-detecting
*geometry* detected driver: pdftex
*geometry* verbose mode - [ preamble ] result:
* driver: pdftex
* paper: custom
* layout: <same size as paper>
* layoutoffset:(h,v)=(0.0pt,0.0pt)
* modes: includehead includefoot 
* h-part:(L,W,R)=(28.45274pt, 307.28987pt, 28.45274pt)
* v-part:(T,H,B)=(0.0pt, 273.14662pt, 0.0pt)
* \paperwidth=364.19536pt
* \paperheight=273.14662pt
* \textwidth=307.28987pt
* \textheight=244.6939pt
* \oddsidemargin=-43.81725pt
* \evensidemargin=-43.81725pt
* \topmargin=-72.26999pt
* \headheight=14.22636pt
* \headsep=0.0pt
* \topskip=11.0pt
* \footskip=14.22636pt
* \marginparwidth=4.0pt
* \marginparsep=10.0pt
* \columnsep=10.0pt
* \skip\footins=10.0pt plus 4.0pt minus 2.0pt
* \hoffset=0.0pt
* \voffset=0.0pt
* \mag=1000
* \@twocolumnfalse
* \@twosidefalse
* \@mparswitchfalse
* \@reversemarginfalse
* (1in=72.27pt=25.4mm, 1cm=28.453pt)

(/usr/share/texlive/texmf-dist/tex/context/base/supp-pdf.mkii
[Loading MPS to PDF converter (version 2006.09.02).]
\scratchcounter=\count157
\scratchdimen=\dimen186
\scratchbox=\box53
\nofMPsegments=\count158
\nofMParguments=\count159
\everyMPshowfont=\toks41
\MPscratchCnt=\count160
\MPscratchDim=\dimen187
\MPnumerator=\count161
\makeMPintoPDFobject=\count162
\everyMPtoPDFconversion=\toks42
) (/usr/share/texlive/texmf-dist/tex/latex/oberdiek/epstopdf-base.sty
Package: epstopdf-base 2010/02/09 v2.5 Base part for package epstopdf

(/usr/share/texlive/texmf-dist/tex/latex/oberdiek/grfext.sty
Package: grfext 2010/08/19 v1.1 Manage graphics extensions (HO)
)
Package grfext Info: Graphics extension search list:
(grfext)             [.png,.pdf,.jpg,.mps,.jpeg,.jbig2,.jb2,.PNG,.PDF,.JPG,.JPE
G,.JBIG2,.JB2,.eps]
(grfext)             \AppendGraphicsExtensions on input line 452.

(/usr/share/texlive/texmf-dist/tex/latex/latexconfig/epstopdf-sys.cfg
File: epstopdf-sys.cfg 2010/07/13 v1.3 Configuration of (r)epstopdf for TeX Liv
e
))
ABD: EveryShipout initializing macros
\AtBeginShipoutBox=\box54
Package hyperref Info: Link coloring OFF on input line 14.

(/usr/share/texlive/texmf-dist/tex/latex/hyperref/nameref.sty
Package: nameref 2012/10/27 v2.43 Cross-referencing by name of section

(/usr/share/texlive/texmf-dist/tex/generic/oberdiek/gettitlestring.sty
Package: gettitlestring 2010/12/03 v1.4 Cleanup title references (HO)
)
\c@section@level=\count163
)
LaTeX Info: Redefining \ref on input line 14.
LaTeX Info: Redefining \pageref on input line 14.
LaTeX Info: Redefining \nameref on input line 14.

(./final.out) (./final.out)
\@outlinefile=\write5
\openout5 = `final.out'.

LaTeX Font Info:    Overwriting symbol font `operators' in version `normal'
(Font)                  OT1/cmr/m/n --> OT1/cmss/m/n on input line 14.
LaTeX Font Info:    Overwriting symbol font `operators' in version `bold'
(Font)                  OT1/cmr/bx/n --> OT1/cmss/bx/n on input line 14.
\symnumbers=\mathgroup6
\sympureletters=\mathgroup7
LaTeX Font Info:    Overwriting math alphabet `\mathrm' in version `normal'
(Font)                  OT1/cmss/m/n --> OT1/cmr/m/n on input line 14.
LaTeX Font Info:    Redeclaring math alphabet \mathbf on input line 14.
LaTeX Font Info:    Overwriting math alphabet `\mathbf' in version `normal'
(Font)                  OT1/cmr/bx/n --> OT1/cmss/bx/n on input line 14.
LaTeX Font Info:    Overwriting math alphabet `\mathbf' in version `bold'
(Font)                  OT1/cmr/bx/n --> OT1/cmss/bx/n on input line 14.
LaTeX Font Info:    Redeclaring math alphabet \mathsf on input line 14.
LaTeX Font Info:    Overwriting math alphabet `\mathsf' in version `normal'
(Font)                  OT1/cmss/m/n --> OT1/cmss/m/n on input line 14.
LaTeX Font Info:    Overwriting math alphabet `\mathsf' in version `bold'
(Font)                  OT1/cmss/bx/n --> OT1/cmss/m/n on input line 14.
LaTeX Font Info:    Redeclaring math alphabet \mathit on input line 14.
LaTeX Font Info:    Overwriting math alphabet `\mathit' in version `normal'
(Font)                  OT1/cmr/m/it --> OT1/cmss/m/it on input line 14.
LaTeX Font Info:    Overwriting math alphabet `\mathit' in version `bold'
(Font)                  OT1/cmr/bx/it --> OT1/cmss/m/it on input line 14.
LaTeX Font Info:    Redeclaring math alphabet \mathtt on input line 14.
LaTeX Font Info:    Overwriting math alphabet `\mathtt' in version `normal'
(Font)                  OT1/cmtt/m/n --> OT1/cmtt/m/n on input line 14.
LaTeX Font Info:    Overwriting math alphabet `\mathtt' in version `bold'
(Font)                  OT1/cmtt/m/n --> OT1/cmtt/m/n on input line 14.
LaTeX Font Info:    Overwriting symbol font `numbers' in version `bold'
(Font)                  OT1/cmss/m/n --> OT1/cmss/bx/n on input line 14.
LaTeX Font Info:    Overwriting symbol font `pureletters' in version `bold'
(Font)                  OT1/cmss/m/it --> OT1/cmss/bx/it on input line 14.
LaTeX Font Info:    Overwriting math alphabet `\mathrm' in version `bold'
(Font)                  OT1/cmss/bx/n --> OT1/cmr/bx/n on input line 14.
LaTeX Font Info:    Overwriting math alphabet `\mathbf' in version `bold'
(Font)                  OT1/cmss/bx/n --> OT1/cmss/bx/n on input line 14.
LaTeX Font Info:    Overwriting math alphabet `\mathsf' in version `bold'
(Font)                  OT1/cmss/m/n --> OT1/cmss/bx/n on input line 14.
LaTeX Font Info:    Overwriting math alphabet `\mathit' in version `bold'
(Font)                  OT1/cmss/m/it --> OT1/cmss/bx/it on input line 14.
LaTeX Font Info:    Overwriting math alphabet `\mathtt' in version `bold'
(Font)                  OT1/cmtt/m/n --> OT1/cmtt/bx/n on input line 14.

(/usr/share/texmf/tex/latex/beamer/base/translator/dicts/translator-basic-dicti
onary/translator-basic-dictionary-English.dict
Dictionary: translator-basic-dictionary, Language: English 
)
(/usr/share/texmf/tex/latex/beamer/base/translator/dicts/translator-bibliograph
y-dictionary/translator-bibliography-dictionary-English.dict
Dictionary: translator-bibliography-dictionary, Language: English 
)
(/usr/share/texmf/tex/latex/beamer/base/translator/dicts/translator-environment
-dictionary/translator-environment-dictionary-English.dict
Dictionary: translator-environment-dictionary, Language: English 
)
(/usr/share/texmf/tex/latex/beamer/base/translator/dicts/translator-months-dict
ionary/translator-months-dictionary-English.dict
Dictionary: translator-months-dictionary, Language: English 
)
(/usr/share/texmf/tex/latex/beamer/base/translator/dicts/translator-numbers-dic
tionary/translator-numbers-dictionary-English.dict
Dictionary: translator-numbers-dictionary, Language: English 
)
(/usr/share/texmf/tex/latex/beamer/base/translator/dicts/translator-theorem-dic
tionary/translator-theorem-dictionary-English.dict
Dictionary: translator-theorem-dictionary, Language: English 
)
LaTeX Info: Redefining \includegraphics on input line 14.
LaTeX Info: Redefining \. on input line 14.
LaTeX Info: Redefining \% on input line 14.
 (./final.nav)

Package hyperref Warning: Option `pdfauthor' has already been used,
(hyperref)                setting the option has no effect on input line 16.


LaTeX Font Warning: Font shape `OT1/cmss/bx/n' in size <4> not available
(Font)              size <5> substituted on input line 21.


LaTeX Font Warning: Font shape `OT1/cmss/m/n' in size <4> not available
(Font)              size <5> substituted on input line 21.

[1{/var/lib/texmf/fonts/map/pdftex/updmap/pdftex.map}

] (./final.toc
LaTeX Info: Redefining \. on input line 2.
LaTeX Info: Redefining \% on input line 2.
) [2

]
(./final.toc
LaTeX Info: Redefining \. on input line 2.
LaTeX Info: Redefining \% on input line 2.
) [3

] [4

]
LaTeX Font Info:    Try loading font information for U+msa on input line 59.
 (/usr/share/texlive/texmf-dist/tex/latex/amsfonts/umsa.fd
File: umsa.fd 2013/01/14 v3.01 AMS symbols A
)
LaTeX Font Info:    Try loading font information for U+msb on input line 59.
 (/usr/share/texlive/texmf-dist/tex/latex/amsfonts/umsb.fd
File: umsb.fd 2013/01/14 v3.01 AMS symbols B
)

Package pdftex.def Warning: Option `bb' does not make sense,
(pdftex.def)                using `viewport' instead on input line 59.

<./Lokas1.pdf, id=490, 132.495pt x 111.41624pt>
File: ./Lokas1.pdf Graphic file (type pdf)
 <use ./Lokas1.pdf>
Package pdftex.def Info: ./Lokas1.pdf used on input line 59.
(pdftex.def)             Requested size: 132.495pt x 111.41624pt.

<./Sereno.pdf, id=491, 137.51375pt x 107.40125pt>
File: ./Sereno.pdf Graphic file (type pdf)
 <use ./Sereno.pdf>
Package pdftex.def Info: ./Sereno.pdf used on input line 59.
(pdftex.def)             Requested size: 137.51341pt x 107.40097pt.
 [5

 <./Lokas1.pdf> <./Sereno.pdf>] <./Simbre.png, id=582, 330.9966pt x 89.6148pt>
File: ./Simbre.png Graphic file (type png)

<use ./Simbre.png>
Package pdftex.def Info: ./Simbre.png used on input line 70.
(pdftex.def)             Requested size: 264.79762pt x 71.69193pt.
 [6

 <./Simbre.png>]

Package pdftex.def Warning: Option `bb' does not make sense,
(pdftex.def)                using `viewport' instead on input line 84.

<./Smith.pdf, id=654, 153.57375pt x 146.5475pt>
File: ./Smith.pdf Graphic file (type pdf)
 <use ./Smith.pdf>
Package pdftex.def Info: ./Smith.pdf used on input line 84.
(pdftex.def)             Requested size: 122.85945pt x 117.23843pt.
 [7

 <./Smith.pdf>] <./planck.png, id=736, 721.69624pt x 421.575pt>
File: ./planck.png Graphic file (type png)
 <use ./planck.png>
Package pdftex.def Info: ./planck.png used on input line 101.
(pdftex.def)             Requested size: 158.77367pt x 92.74678pt.

<./cmb.png, id=737, 858.20625pt x 477.785pt>
File: ./cmb.png Graphic file (type png)
 <use ./cmb.png>
Package pdftex.def Info: ./cmb.png used on input line 101.
(pdftex.def)             Requested size: 154.47046pt x 85.99759pt.

Overfull \hbox (29.95425pt too wide) in paragraph at lines 101--101
 [] 
 []

[8

 <./planck.png> <./cmb.png>]
<./torta2.png, id=808, 699.61375pt x 504.88625pt>
File: ./torta2.png Graphic file (type png)
 <use ./torta2.png>
Package pdftex.def Info: ./torta2.png used on input line 111.
(pdftex.def)             Requested size: 314.82327pt x 227.1967pt.

Overfull \hbox (7.5334pt too wide) in paragraph at lines 111--111
 [] 
 []


Overfull \vbox (37.35611pt too high) detected at line 111
 []

[9

 <./torta2.png>] <./busqueda2.png, id=877, 490.83376pt x 184.69pt>
File: ./busqueda2.png Graphic file (type png)

<use ./busqueda2.png>
Package pdftex.def Info: ./busqueda2.png used on input line 127.
(pdftex.def)             Requested size: 196.33002pt x 73.87468pt.
 [10

 <./busqueda2.png>]
Package epstopdf Info: Source file: <./bullet.eps>
(epstopdf)                    date: 2013-04-24 19:15:22
(epstopdf)                    size: 312277 bytes
(epstopdf)             Output file: <./bullet-eps-converted-to.pdf>
(epstopdf)                    date: 2013-10-17 19:35:15
(epstopdf)                    size: 27172 bytes
(epstopdf)             Command: <repstopdf --outfile=./bullet-eps-converted-to.
pdf ./bullet.eps>
(epstopdf)             \includegraphics on input line 152.
Package epstopdf Info: Output file is already uptodate.

<./bullet-eps-converted-to.pdf, id=952, 264.99pt x 191.71625pt>
File: ./bullet-eps-converted-to.pdf Graphic file (type pdf)

<use ./bullet-eps-converted-to.pdf>
Package pdftex.def Info: ./bullet-eps-converted-to.pdf used on input line 152.
(pdftex.def)             Requested size: 211.99228pt x 153.3732pt.

Overfull \hbox (12.823pt too wide) in paragraph at lines 152--152
 [] 
 []

[11

 <./bullet-eps-converted-to.pdf>]
Package epstopdf Info: Source file: <./1e_xrayimg_lens_sm7.eps>
(epstopdf)                    date: 2003-12-04 23:28:35
(epstopdf)                    size: 108017 bytes
(epstopdf)             Output file: <./1e_xrayimg_lens_sm7-eps-converted-to.pdf
>
(epstopdf)                    date: 2014-03-11 15:49:15
(epstopdf)                    size: 39865 bytes
(epstopdf)             Command: <repstopdf --outfile=./1e_xrayimg_lens_sm7-eps-
converted-to.pdf ./1e_xrayimg_lens_sm7.eps>
(epstopdf)             \includegraphics on input line 161.
Package epstopdf Info: Output file is already uptodate.

<./1e_xrayimg_lens_sm7-eps-converted-to.pdf, id=1027, 435.6275pt x 435.6275pt>
File: ./1e_xrayimg_lens_sm7-eps-converted-to.pdf Graphic file (type pdf)

<use ./1e_xrayimg_lens_sm7-eps-converted-to.pdf>
Package pdftex.def Info: ./1e_xrayimg_lens_sm7-eps-converted-to.pdf used on inp
ut line 161.
(pdftex.def)             Requested size: 108.9066pt x 108.9066pt.
Package epstopdf Info: Source file: <./1e_optvlt_lens_sm7.eps>
(epstopdf)                    date: 2003-12-04 23:30:03
(epstopdf)                    size: 215139 bytes
(epstopdf)             Output file: <./1e_optvlt_lens_sm7-eps-converted-to.pdf>

(epstopdf)                    date: 2014-03-11 15:49:15
(epstopdf)                    size: 192953 bytes
(epstopdf)             Command: <repstopdf --outfile=./1e_optvlt_lens_sm7-eps-c
onverted-to.pdf ./1e_optvlt_lens_sm7.eps>
(epstopdf)             \includegraphics on input line 161.
Package epstopdf Info: Output file is already uptodate.

<./1e_optvlt_lens_sm7-eps-converted-to.pdf, id=1028, 435.6275pt x 435.6275pt>
File: ./1e_optvlt_lens_sm7-eps-converted-to.pdf Graphic file (type pdf)

<use ./1e_optvlt_lens_sm7-eps-converted-to.pdf>
Package pdftex.def Info: ./1e_optvlt_lens_sm7-eps-converted-to.pdf used on inpu
t line 161.
(pdftex.def)             Requested size: 108.9066pt x 108.9066pt.
 [12

 <./1e_xrayimg_lens_sm7-eps-converted-to.pdf> <./1e_optvlt_lens_sm7-eps-convert
ed-to.pdf>] [13

]
<./colision.png, id=1203, 447.6725pt x 191.71625pt>
File: ./colision.png Graphic file (type png)
 <use ./colision.png>
Package pdftex.def Info: ./colision.png used on input line 208.
(pdftex.def)             Requested size: 156.68771pt x 67.10168pt.

[14

 <./colision.png>] [15

] [16

] (./final.toc
LaTeX Info: Redefining \. on input line 2.
LaTeX Info: Redefining \% on input line 2.
) [17

]
<./mill.png, id=1501, 557.08125pt x 567.11874pt>
File: ./mill.png Graphic file (type png)
 <use ./mill.png>
Package pdftex.def Info: ./mill.png used on input line 278.
(pdftex.def)             Requested size: 167.12566pt x 170.13693pt.
 [18

 <./mill.png>] [19

] [20

] [21

] [22

] [23

] [24

] [25

] [26

] [27

] [28

]
<./tree.png, id=2270, 435.87843pt x 482.55281pt>
File: ./tree.png Graphic file (type png)
 <use ./tree.png>
Package pdftex.def Info: ./tree.png used on input line 307.
(pdftex.def)             Requested size: 139.48395pt x 154.42004pt.
 [29

 <./tree.png>] [30

] [31

] [32

] [33

] [34

] [35

]
<./mock.png, id=2758, 277.78781pt x 224.33812pt>
File: ./mock.png Graphic file (type png)
 <use ./mock.png>
Package pdftex.def Info: ./mock.png used on input line 370.
(pdftex.def)             Requested size: 83.33698pt x 67.30194pt.
 [36

 <./mock.png>]
File: ./mock.png Graphic file (type png)
 <use ./mock.png>
Package pdftex.def Info: ./mock.png used on input line 370.
(pdftex.def)             Requested size: 83.33698pt x 67.30194pt.
 [37

]
File: ./mock.png Graphic file (type png)
 <use ./mock.png>
Package pdftex.def Info: ./mock.png used on input line 370.
(pdftex.def)             Requested size: 83.33698pt x 67.30194pt.
 [38

]
File: ./mock.png Graphic file (type png)
 <use ./mock.png>
Package pdftex.def Info: ./mock.png used on input line 370.
(pdftex.def)             Requested size: 83.33698pt x 67.30194pt.
 [39

]
File: ./mock.png Graphic file (type png)

<use ./mock.png>
Package pdftex.def Info: ./mock.png used on input line 370.
(pdftex.def)             Requested size: 83.33698pt x 67.30194pt.
 [40

]
File: ./mock.png Graphic file (type png)
 <use ./mock.png>
Package pdftex.def Info: ./mock.png used on input line 370.
(pdftex.def)             Requested size: 83.33698pt x 67.30194pt.
 [41

]
File: ./mock.png Graphic file (type png)
 <use ./mock.png>
Package pdftex.def Info: ./mock.png used on input line 370.
(pdftex.def)             Requested size: 83.33698pt x 67.30194pt.
 [42

]
File: ./mock.png Graphic file (type png)

<use ./mock.png>
Package pdftex.def Info: ./mock.png used on input line 370.
(pdftex.def)             Requested size: 83.33698pt x 67.30194pt.
 [43

]
File: ./mock.png Graphic file (type png)
 <use ./mock.png>
Package pdftex.def Info: ./mock.png used on input line 370.
(pdftex.def)             Requested size: 83.33698pt x 67.30194pt.
 [44

]
<./comparacion_red.png, id=3388, 481.8pt x 481.8pt>
File: ./comparacion_red.png Graphic file (type png)

<use ./comparacion_red.png>
Package pdftex.def Info: ./comparacion_red.png used on input line 390.
(pdftex.def)             Requested size: 149.35645pt x 149.35645pt.

Overfull \hbox (29.85497pt too wide) in paragraph at lines 390--390
 [] 
 []

<./nu.png, id=3389, 321.2pt x 326.21875pt>
File: ./nu.png Graphic file (type png)
 <use ./nu.png>
Package pdftex.def Info: ./nu.png used on input line 390.
(pdftex.def)             Requested size: 144.53867pt x 146.79707pt.

Overfull \hbox (2.27489pt too wide) in paragraph at lines 390--390
 [] 
 []

[45

 <./comparacion_red.png (PNG copy)> <./nu.png>] (./final.toc
LaTeX Info: Redefining \. on input line 2.
LaTeX Info: Redefining \% on input line 2.
) [46

] [47

]
[48

] [49

] [50

] [51

] [52

] [53

] [54

] [55

]
<./71_30.png, id=4168, 361.35pt x 361.35pt>
File: ./71_30.png Graphic file (type png)
 <use ./71_30.png>
Package pdftex.def Info: ./71_30.png used on input line 541.
(pdftex.def)             Requested size: 101.1773pt x 101.1773pt.

<./147_30.png, id=4169, 361.35pt x 361.35pt>
File: ./147_30.png Graphic file (type png)
 <use ./147_30.png>
Package pdftex.def Info: ./147_30.png used on input line 541.
(pdftex.def)             Requested size: 101.1773pt x 101.1773pt.

<./71_100.png, id=4170, 361.35pt x 361.35pt>
File: ./71_100.png Graphic file (type png)
 <use ./71_100.png>
Package pdftex.def Info: ./71_100.png used on input line 541.
(pdftex.def)             Requested size: 101.1773pt x 101.1773pt.

<./147_100.png, id=4171, 361.35pt x 361.35pt>
File: ./147_100.png Graphic file (type png)
 <use ./147_100.png>
Package pdftex.def Info: ./147_100.png used on input line 541.
(pdftex.def)             Requested size: 101.1773pt x 101.1773pt.

<./71_300.png, id=4172, 361.35pt x 361.35pt>
File: ./71_300.png Graphic file (type png)
 <use ./71_300.png>
Package pdftex.def Info: ./71_300.png used on input line 541.
(pdftex.def)             Requested size: 101.1773pt x 101.1773pt.

<./147_300.png, id=4173, 361.35pt x 361.35pt>
File: ./147_300.png Graphic file (type png)
 <use ./147_300.png>
Package pdftex.def Info: ./147_300.png used on input line 541.
(pdftex.def)             Requested size: 101.1773pt x 101.1773pt.
 [56

 <./71_30.png> <./147_30.png> <./71_100.png> <./147_100.png> <./71_300.png> <./
147_300.png>] [57

] [58

] [59

] [60

] <./dlr11.png, id=4527, 361.35pt x 361.35pt>
File: ./dlr11.png Graphic file (type png)

<use ./dlr11.png>
Package pdftex.def Info: ./dlr11.png used on input line 567.
(pdftex.def)             Requested size: 108.40584pt x 108.40584pt.
 <./dlr21.png, id=4528, 361.35pt x 361.35pt>
File: ./dlr21.png Graphic file (type png)

<use ./dlr21.png>
Package pdftex.def Info: ./dlr21.png used on input line 567.
(pdftex.def)             Requested size: 108.40584pt x 108.40584pt.
 <./dlr31.png, id=4529, 361.35pt x 361.35pt>
File: ./dlr31.png Graphic file (type png)

<use ./dlr31.png>
Package pdftex.def Info: ./dlr31.png used on input line 567.
(pdftex.def)             Requested size: 108.40584pt x 108.40584pt.
 <./dlr41.png, id=4530, 361.35pt x 361.35pt>
File: ./dlr41.png Graphic file (type png)

<use ./dlr41.png>
Package pdftex.def Info: ./dlr41.png used on input line 567.
(pdftex.def)             Requested size: 108.40584pt x 108.40584pt.

Overfull \vbox (0.13362pt too high) detected at line 567
 []

[61

 <./dlr11.png> <./dlr21.png> <./dlr31.png> <./dlr41.png>]
<./mclust_class.png, id=4604, 361.35pt x 361.35pt>
File: ./mclust_class.png Graphic file (type png)
 <use ./mclust_class.png>
Package pdftex.def Info: ./mclust_class.png used on input line 587.
(pdftex.def)             Requested size: 101.1773pt x 101.1773pt.

<./mclust_13.png, id=4605, 361.35pt x 361.35pt>
File: ./mclust_13.png Graphic file (type png)
 <use ./mclust_13.png>
Package pdftex.def Info: ./mclust_13.png used on input line 587.
(pdftex.def)             Requested size: 101.1773pt x 101.1773pt.

<./mclust_23.png, id=4606, 361.35pt x 361.35pt>
File: ./mclust_23.png Graphic file (type png)
 <use ./mclust_23.png>
Package pdftex.def Info: ./mclust_23.png used on input line 587.
(pdftex.def)             Requested size: 101.1773pt x 101.1773pt.
 [62

 <./mclust_class.png> <./mclust_13.png> <./mclust_23.png>] [63

] [64

] [65

]
<./histdeltas.png, id=4887, 361.35pt x 361.35pt>
File: ./histdeltas.png Graphic file (type png)
 <use ./histdeltas.png>
Package pdftex.def Info: ./histdeltas.png used on input line 607.
(pdftex.def)             Requested size: 144.53743pt x 144.53743pt.

<./hist_snap1.png, id=4888, 361.35pt x 361.35pt>
File: ./hist_snap1.png Graphic file (type png)
 <use ./hist_snap1.png>
Package pdftex.def Info: ./hist_snap1.png used on input line 607.
(pdftex.def)             Requested size: 144.53743pt x 144.53743pt.

[66

 <./histdeltas.png> <./hist_snap1.png>]
<./hist_snap_todo.png, id=4960, 361.35pt x 361.35pt>
File: ./hist_snap_todo.png Graphic file (type png)

<use ./hist_snap_todo.png>
Package pdftex.def Info: ./hist_snap_todo.png used on input line 621.
(pdftex.def)             Requested size: 144.53743pt x 144.53743pt.

Overfull \vbox (2.62602pt too high) detected at line 621
 []

[67

 <./hist_snap_todo.png>]
File: ./hist_snap_todo.png Graphic file (type png)
 <use ./hist_snap_todo.png>
Package pdftex.def Info: ./hist_snap_todo.png used on input line 621.
(pdftex.def)             Requested size: 144.53743pt x 144.53743pt.

Overfull \vbox (2.62602pt too high) detected at line 621
 []

[68

] [69

] [70

] [71

]
<./hist_mclus_numrel_dsiter.png, id=5309, 361.35pt x 361.35pt>
File: ./hist_mclus_numrel_dsiter.png Graphic file (type png)

<use ./hist_mclus_numrel_dsiter.png>
Package pdftex.def Info: ./hist_mclus_numrel_dsiter.png used on input line 652.

(pdftex.def)             Requested size: 108.40584pt x 108.40584pt.

<./hist_mclus_numrel.png, id=5310, 361.35pt x 361.35pt>
File: ./hist_mclus_numrel.png Graphic file (type png)

<use ./hist_mclus_numrel.png>
Package pdftex.def Info: ./hist_mclus_numrel.png used on input line 652.
(pdftex.def)             Requested size: 108.40584pt x 108.40584pt.

<./hist_mclus_lumrel_dsiter.png, id=5311, 361.35pt x 361.35pt>
File: ./hist_mclus_lumrel_dsiter.png Graphic file (type png)

<use ./hist_mclus_lumrel_dsiter.png>
Package pdftex.def Info: ./hist_mclus_lumrel_dsiter.png used on input line 652.

(pdftex.def)             Requested size: 108.40584pt x 108.40584pt.

<./hist_mclus_lumrel.png, id=5312, 361.35pt x 361.35pt>
File: ./hist_mclus_lumrel.png Graphic file (type png)

<use ./hist_mclus_lumrel.png>
Package pdftex.def Info: ./hist_mclus_lumrel.png used on input line 652.
(pdftex.def)             Requested size: 108.40584pt x 108.40584pt.
 [72

 <./hist_mclus_numrel_dsiter.png> <./hist_mclus_numrel.png> <./hist_mclus_lumre
l_dsiter.png> <./hist_mclus_lumrel.png>]
<./hist_snap_mclust_dsiter.png, id=5386, 361.35pt x 361.35pt>
File: ./hist_snap_mclust_dsiter.png Graphic file (type png)

<use ./hist_snap_mclust_dsiter.png>
Package pdftex.def Info: ./hist_snap_mclust_dsiter.png used on input line 666.
(pdftex.def)             Requested size: 162.60599pt x 162.60599pt.

<./hist_snap_mclust_ds.png, id=5387, 361.35pt x 361.35pt>
File: ./hist_snap_mclust_ds.png Graphic file (type png)

<use ./hist_snap_mclust_ds.png>
Package pdftex.def Info: ./hist_snap_mclust_ds.png used on input line 666.
(pdftex.def)             Requested size: 162.60599pt x 162.60599pt.

Overfull \hbox (17.9221pt too wide) in paragraph at lines 666--666
 [][] 
 []


Overfull \vbox (5.92796pt too high) detected at line 666
 []

[73

 <./hist_snap_mclust_dsiter.png> <./hist_snap_mclust_ds.png>]
File: ./hist_snap_mclust_dsiter.png Graphic file (type png)

<use ./hist_snap_mclust_dsiter.png>
Package pdftex.def Info: ./hist_snap_mclust_dsiter.png used on input line 666.
(pdftex.def)             Requested size: 162.60599pt x 162.60599pt.
File: ./hist_snap_mclust_ds.png Graphic file (type png)
 <use ./hist_snap_mclust_ds.png>
Package pdftex.def Info: ./hist_snap_mclust_ds.png used on input line 666.
(pdftex.def)             Requested size: 162.60599pt x 162.60599pt.

Overfull \hbox (17.9221pt too wide) in paragraph at lines 666--666
 [][] 
 []


Overfull \vbox (5.92796pt too high) detected at line 666
 []

[74

] [75

] [76

] [77

] [78

] [79

] [80

]
<./histo_dist_gal_centro.png, id=5948, 481.8pt x 481.8pt>
File: ./histo_dist_gal_centro.png Graphic file (type png)

<use ./histo_dist_gal_centro.png>
Package pdftex.def Info: ./histo_dist_gal_centro.png used on input line 762.
(pdftex.def)             Requested size: 168.63252pt x 168.63252pt.

Overfull \hbox (26.36874pt too wide) in paragraph at lines 762--762
 [] 
 []

<./histo_distvel_gal_centro.png, id=5949, 481.8pt x 481.8pt>
File: ./histo_distvel_gal_centro.png Graphic file (type png)

<use ./histo_distvel_gal_centro.png>
Package pdftex.def Info: ./histo_distvel_gal_centro.png used on input line 762.

(pdftex.def)             Requested size: 168.63252pt x 168.63252pt.

Overfull \hbox (26.36874pt too wide) in paragraph at lines 762--762
 [] 
 []

[81

 <./histo_dist_gal_centro.png> <./histo_distvel_gal_centro.png>]
<./puto.png, id=6021, 481.8pt x 481.8pt>
File: ./puto.png Graphic file (type png)
 <use ./puto.png>
Package pdftex.def Info: ./puto.png used on input line 774.
(pdftex.def)             Requested size: 168.63252pt x 168.63252pt.
 [82

 <./puto.png (PNG copy)>] [83

] [84

] [85

] [86

] <./histo_arribo.png, id=6369, 481.8pt x 481.8pt>
File: ./histo_arribo.png Graphic file (type png)

<use ./histo_arribo.png>
Package pdftex.def Info: ./histo_arribo.png used on input line 808.
(pdftex.def)             Requested size: 163.80983pt x 163.80983pt.

<./histo_masarel_mock.png, id=6370, 481.8pt x 481.8pt>
File: ./histo_masarel_mock.png Graphic file (type png)

<use ./histo_masarel_mock.png>
Package pdftex.def Info: ./histo_masarel_mock.png used on input line 808.
(pdftex.def)             Requested size: 163.80983pt x 163.80983pt.

Overfull \hbox (20.32979pt too wide) in paragraph at lines 808--808
 [][] 
 []

[87

 <./histo_arribo.png> <./histo_masarel_mock.png>] [88

] [89

] [90

]
<./compl_binmasa_02.png, id=6650, 361.35pt x 361.35pt>
File: ./compl_binmasa_02.png Graphic file (type png)

<use ./compl_binmasa_02.png>
Package pdftex.def Info: ./compl_binmasa_02.png used on input line 834.
(pdftex.def)             Requested size: 162.60599pt x 162.60599pt.

<./compl_binnum_tipo1.png, id=6651, 361.35pt x 361.35pt>
File: ./compl_binnum_tipo1.png Graphic file (type png)

<use ./compl_binnum_tipo1.png>
Package pdftex.def Info: ./compl_binnum_tipo1.png used on input line 834.
(pdftex.def)             Requested size: 162.60599pt x 162.60599pt.

Overfull \hbox (17.9221pt too wide) in paragraph at lines 834--834
 [][] 
 []

[91

 <./compl_binmasa_02.png> <./compl_binnum_tipo1.png>]
<./cont_binmasa_02.png, id=6724, 361.35pt x 361.35pt>
File: ./cont_binmasa_02.png Graphic file (type png)

<use ./cont_binmasa_02.png>
Package pdftex.def Info: ./cont_binmasa_02.png used on input line 842.
(pdftex.def)             Requested size: 162.60599pt x 162.60599pt.

<./cont_binnum_tipo1.png, id=6725, 361.35pt x 361.35pt>
File: ./cont_binnum_tipo1.png Graphic file (type png)

<use ./cont_binnum_tipo1.png>
Package pdftex.def Info: ./cont_binnum_tipo1.png used on input line 842.
(pdftex.def)             Requested size: 162.60599pt x 162.60599pt.

Overfull \hbox (17.9221pt too wide) in paragraph at lines 842--842
 [][] 
 []

[92

 <./cont_binmasa_02.png> <./cont_binnum_tipo1.png>]
<./pur_binmasa_02.png, id=6797, 361.35pt x 361.35pt>
File: ./pur_binmasa_02.png Graphic file (type png)

<use ./pur_binmasa_02.png>
Package pdftex.def Info: ./pur_binmasa_02.png used on input line 850.
(pdftex.def)             Requested size: 162.60599pt x 162.60599pt.

<./pur_binnum_tipo1.png, id=6798, 361.35pt x 361.35pt>
File: ./pur_binnum_tipo1.png Graphic file (type png)

<use ./pur_binnum_tipo1.png>
Package pdftex.def Info: ./pur_binnum_tipo1.png used on input line 850.
(pdftex.def)             Requested size: 162.60599pt x 162.60599pt.

Overfull \hbox (17.9221pt too wide) in paragraph at lines 850--850
 [][] 
 []

[93

 <./pur_binmasa_02.png> <./pur_binnum_tipo1.png>] (./final.toc
LaTeX Info: Redefining \. on input line 2.
LaTeX Info: Redefining \% on input line 2.
) [94

]
[95

] [96

] [97

] [98

] [99

] [100

] [101

] [102

] [103

] [104

] [105

] [106

] [107

]
[108

] [109

] [110

] [111

] [112

] [113

] [114

] [115

] (./final.toc
LaTeX Info: Redefining \. on input line 2.
LaTeX Info: Redefining \% on input line 2.
) [116

] [117

]
[118

] [119

] [120

] [121

] [122

] [123

] [124

] [125

] [126

]
<./gracias.png, id=9197, 659.46375pt x 519.9425pt>
File: ./gracias.png Graphic file (type png)
 <use ./gracias.png>
Package pdftex.def Info: ./gracias.png used on input line 1010.
(pdftex.def)             Requested size: 263.78082pt x 207.97331pt.
 [127

 <./gracias.png>]
\tf@nav=\write6
\openout6 = `final.nav'.

\tf@toc=\write7
\openout7 = `final.toc'.

\tf@snm=\write8
\openout8 = `final.snm'.

Package atveryend Info: Empty hook `BeforeClearDocument' on input line 1011.
Package atveryend Info: Empty hook `AfterLastShipout' on input line 1011.
 (./final.aux
LaTeX Info: Redefining \. on input line 25.
LaTeX Info: Redefining \% on input line 25.
)
Package atveryend Info: Executing hook `AtVeryEndDocument' on input line 1011.
Package atveryend Info: Executing hook `AtEndAfterFileList' on input line 1011.

Package rerunfilecheck Info: File `final.out' has not changed.
(rerunfilecheck)             Checksum: BE49AAFDEADADF65D7E5E19076BF3D71;1071.


LaTeX Font Warning: Size substitutions with differences
(Font)              up to 1.0pt have occurred.

Package atveryend Info: Empty hook `AtVeryVeryEnd' on input line 1011.
 ) 
Here is how much of TeX's memory you used:
 17300 strings out of 493304
 317552 string characters out of 6139871
 437387 words of memory out of 5000000
 20021 multiletter control sequences out of 15000+600000
 16108 words of font info for 60 fonts, out of 8000000 for 9000
 957 hyphenation exceptions out of 8191
 49i,20n,63p,429b,843s stack positions out of 5000i,500n,10000p,200000b,80000s
</usr/share/texlive/texmf-dist/fonts/type1/public/amsfonts/cm/cmex10.pfb></us
r/share/texlive/texmf-dist/fonts/type1/public/amsfonts/cmextra/cmex7.pfb></usr/
share/texlive/texmf-dist/fonts/type1/public/amsfonts/cm/cmmi10.pfb></usr/share/
texlive/texmf-dist/fonts/type1/public/amsfonts/cm/cmmi5.pfb></usr/share/texlive
/texmf-dist/fonts/type1/public/amsfonts/cm/cmmi6.pfb></usr/share/texlive/texmf-
dist/fonts/type1/public/amsfonts/cm/cmmi8.pfb></usr/share/texlive/texmf-dist/fo
nts/type1/public/amsfonts/cm/cmss10.pfb></usr/share/texlive/texmf-dist/fonts/ty
pe1/public/amsfonts/cm/cmss12.pfb></usr/share/texlive/texmf-dist/fonts/type1/pu
blic/amsfonts/cm/cmss8.pfb></usr/share/texlive/texmf-dist/fonts/type1/public/am
sfonts/cm/cmssbx10.pfb></usr/share/texlive/texmf-dist/fonts/type1/public/amsfon
ts/cm/cmssi10.pfb></usr/share/texlive/texmf-dist/fonts/type1/public/amsfonts/cm
/cmssi12.pfb></usr/share/texlive/texmf-dist/fonts/type1/public/amsfonts/cm/cmss
i8.pfb></usr/share/texlive/texmf-dist/fonts/type1/public/amsfonts/cm/cmsy10.pfb
></usr/share/texlive/texmf-dist/fonts/type1/public/amsfonts/cm/cmsy5.pfb></usr/
share/texlive/texmf-dist/fonts/type1/public/amsfonts/cm/cmsy6.pfb></usr/share/t
exlive/texmf-dist/fonts/type1/public/amsfonts/cm/cmsy8.pfb>
Output written on final.pdf (127 pages, 3633005 bytes).
PDF statistics:
 9383 PDF objects out of 10688 (max. 8388607)
 8976 compressed objects within 90 object streams
 270 named destinations out of 1000 (max. 500000)
 480 words of extra memory for PDF output out of 10000 (max. 10000000)

